<?xml version="1.0" encoding="UTF-8"?>
<testsuite name="com.integration.com.nicindustries.hibernate.memcached.spymemcached.SpyMemcacheIT" tests="7" skipped="0" failures="0" errors="0" timestamp="2022-07-27T22:32:03" hostname="macbook-pro.nicindustries.local" time="1.315">
  <properties/>
  <testcase name="testPropertiesKeyStrategy" classname="com.integration.com.nicindustries.hibernate.memcached.spymemcached.SpyMemcacheIT" time="0.133"/>
  <testcase name="testNoPropertyKeyStrategy" classname="com.integration.com.nicindustries.hibernate.memcached.spymemcached.SpyMemcacheIT" time="0.129"/>
  <testcase name="testPropertiesClear" classname="com.integration.com.nicindustries.hibernate.memcached.spymemcached.SpyMemcacheIT" time="0.263"/>
  <testcase name="testClearFalse" classname="com.integration.com.nicindustries.hibernate.memcached.spymemcached.SpyMemcacheIT" time="0.249"/>
  <testcase name="testClear" classname="com.integration.com.nicindustries.hibernate.memcached.spymemcached.SpyMemcacheIT" time="0.294"/>
  <testcase name="testGetFromCache" classname="com.integration.com.nicindustries.hibernate.memcached.spymemcached.SpyMemcacheIT" time="0.12"/>
  <testcase name="testInvalidPropertyKeyStrategy" classname="com.integration.com.nicindustries.hibernate.memcached.spymemcached.SpyMemcacheIT" time="0.126"/>
  <system-out><![CDATA[12333 [Test worker] INFO net.spy.memcached.MemcachedConnection  - Setting retryQueueSize to -1
12334 [Test worker] INFO net.spy.memcached.MemcachedConnection  - Added {QA sa=localhost/127.0.0.1:11211, #Rops=0, #Wops=0, #iq=0, topRop=null, topWop=null, toWrite=0, interested=0} to connect queue
12334 [Test worker] DEBUG net.spy.memcached.DefaultConnectionFactory  - Metric collection disabled.
12334 [Memcached IO over {MemcachedConnection to localhost/127.0.0.1:11211}] DEBUG net.spy.memcached.MemcachedConnection  - Done dealing with queue.
12334 [Memcached IO over {MemcachedConnection to localhost/127.0.0.1:11211}] DEBUG net.spy.memcached.MemcachedConnection  - Selecting with delay of 1000ms
12334 [Memcached IO over {MemcachedConnection to localhost/127.0.0.1:11211}] DEBUG net.spy.memcached.MemcachedConnection  - Checked the selectors.
12334 [Memcached IO over {MemcachedConnection to localhost/127.0.0.1:11211}] DEBUG net.spy.memcached.MemcachedConnection  - Selected 1, selected 1 keys
12334 [Memcached IO over {MemcachedConnection to localhost/127.0.0.1:11211}] DEBUG net.spy.memcached.MemcachedConnection  - Handling IO for:  channel=java.nio.channels.SocketChannel[connection-pending remote=localhost/127.0.0.1:11211], selector=sun.nio.ch.KQueueSelectorImpl@a39f52, interestOps=8, readyOps=8 (r=false, w=false, c=true, op={QA sa=localhost/127.0.0.1:11211, #Rops=0, #Wops=0, #iq=0, topRop=null, topWop=null, toWrite=0, interested=8})
12334 [Memcached IO over {MemcachedConnection to localhost/127.0.0.1:11211}] DEBUG net.spy.memcached.MemcachedConnection  - Connection state changed for channel=java.nio.channels.SocketChannel[connection-pending remote=localhost/127.0.0.1:11211], selector=sun.nio.ch.KQueueSelectorImpl@a39f52, interestOps=8, readyOps=8
12334 [Memcached IO over {MemcachedConnection to localhost/127.0.0.1:11211}] DEBUG net.spy.memcached.protocol.ascii.AsciiMemcachedNodeImpl  - Setting interested opts to 0
12334 [Memcached IO over {MemcachedConnection to localhost/127.0.0.1:11211}] DEBUG net.spy.memcached.MemcachedConnection  - Handling queue
12334 [Memcached IO over {MemcachedConnection to localhost/127.0.0.1:11211}] DEBUG net.spy.memcached.protocol.ascii.AsciiMemcachedNodeImpl  - Setting interested opts to 0
12334 [Memcached IO over {MemcachedConnection to localhost/127.0.0.1:11211}] DEBUG net.spy.memcached.MemcachedConnection  - Done dealing with queue.
12334 [Memcached IO over {MemcachedConnection to localhost/127.0.0.1:11211}] DEBUG net.spy.memcached.MemcachedConnection  - Selecting with delay of 1000ms
12334 [Memcached IO over {MemcachedConnection to localhost/127.0.0.1:11211}] DEBUG net.spy.memcached.MemcachedConnection  - Checked the selectors.
12336 [Test worker] DEBUG com.nicindustries.hibernate.memcached.keystrategy.Md5KeyStrategy  - Final cache key: [8db743545afdcf4a2f8009a1d140c4b0]
12336 [Test worker] DEBUG com.nicindustries.hibernate.memcached.MemcachedCache  - Memcache.set(8db743545afdcf4a2f8009a1d140c4b0)
12336 [Test worker] DEBUG com.nicindustries.hibernate.memcached.spymemcached.SpyMemcache  - MemcachedClient.set(8db743545afdcf4a2f8009a1d140c4b0)
12336 [Test worker] DEBUG net.spy.memcached.MemcachedConnection  - Added Cmd: set Key: 8db743545afdcf4a2f8009a1d140c4b0 Flags: 0 Exp: 300 Data Length: 5 to {QA sa=localhost/127.0.0.1:11211, #Rops=0, #Wops=0, #iq=1, topRop=null, topWop=null, toWrite=0, interested=0}
12337 [Memcached IO over {MemcachedConnection to localhost/127.0.0.1:11211}] DEBUG net.spy.memcached.MemcachedConnection  - No selectors ready, interrupted: false
12337 [Memcached IO over {MemcachedConnection to localhost/127.0.0.1:11211}] DEBUG net.spy.memcached.MemcachedConnection  - Handling queue
12337 [Memcached IO over {MemcachedConnection to localhost/127.0.0.1:11211}] DEBUG net.spy.memcached.protocol.ascii.AsciiMemcachedNodeImpl  - Setting interested opts to 4
12337 [Memcached IO over {MemcachedConnection to localhost/127.0.0.1:11211}] DEBUG net.spy.memcached.MemcachedConnection  - Done dealing with queue.
12337 [Memcached IO over {MemcachedConnection to localhost/127.0.0.1:11211}] DEBUG net.spy.memcached.MemcachedConnection  - Selecting with delay of 1000ms
12337 [Memcached IO over {MemcachedConnection to localhost/127.0.0.1:11211}] DEBUG net.spy.memcached.MemcachedConnection  - Checked the selectors.
12337 [Memcached IO over {MemcachedConnection to localhost/127.0.0.1:11211}] DEBUG net.spy.memcached.MemcachedConnection  - Selected 1, selected 1 keys
12337 [Memcached IO over {MemcachedConnection to localhost/127.0.0.1:11211}] DEBUG net.spy.memcached.MemcachedConnection  - Handling IO for:  channel=java.nio.channels.SocketChannel[connected local=/127.0.0.1:61839 remote=localhost/127.0.0.1:11211], selector=sun.nio.ch.KQueueSelectorImpl@a39f52, interestOps=4, readyOps=4 (r=false, w=true, c=false, op={QA sa=localhost/127.0.0.1:11211, #Rops=0, #Wops=1, #iq=0, topRop=null, topWop=Cmd: set Key: 8db743545afdcf4a2f8009a1d140c4b0 Flags: 0 Exp: 300 Data Length: 5, toWrite=0, interested=4})
12337 [Memcached IO over {MemcachedConnection to localhost/127.0.0.1:11211}] DEBUG net.spy.memcached.protocol.ascii.StoreOperationImpl  - Transitioned state from WRITE_QUEUED to WRITING
12337 [Memcached IO over {MemcachedConnection to localhost/127.0.0.1:11211}] DEBUG net.spy.memcached.protocol.ascii.AsciiMemcachedNodeImpl  - After copying stuff from Cmd: set Key: 8db743545afdcf4a2f8009a1d140c4b0 Flags: 0 Exp: 300 Data Length: 5: java.nio.DirectByteBuffer[pos=53 lim=16384 cap=16384]
12337 [Memcached IO over {MemcachedConnection to localhost/127.0.0.1:11211}] DEBUG net.spy.memcached.protocol.ascii.StoreOperationImpl  - Transitioned state from WRITING to READING
12337 [Memcached IO over {MemcachedConnection to localhost/127.0.0.1:11211}] DEBUG net.spy.memcached.protocol.ascii.AsciiMemcachedNodeImpl  - Finished writing Cmd: set Key: 8db743545afdcf4a2f8009a1d140c4b0 Flags: 0 Exp: 300 Data Length: 5
12337 [Memcached IO over {MemcachedConnection to localhost/127.0.0.1:11211}] DEBUG net.spy.memcached.protocol.ascii.AsciiMemcachedNodeImpl  - Wrote 53 bytes
12337 [Memcached IO over {MemcachedConnection to localhost/127.0.0.1:11211}] DEBUG net.spy.memcached.protocol.ascii.AsciiMemcachedNodeImpl  - Setting interested opts to 1
12337 [Memcached IO over {MemcachedConnection to localhost/127.0.0.1:11211}] DEBUG net.spy.memcached.MemcachedConnection  - Done dealing with queue.
12337 [Memcached IO over {MemcachedConnection to localhost/127.0.0.1:11211}] DEBUG net.spy.memcached.MemcachedConnection  - Selecting with delay of 1000ms
12337 [Memcached IO over {MemcachedConnection to localhost/127.0.0.1:11211}] DEBUG net.spy.memcached.MemcachedConnection  - Checked the selectors.
12339 [Memcached IO over {MemcachedConnection to localhost/127.0.0.1:11211}] DEBUG net.spy.memcached.MemcachedConnection  - Selected 1, selected 1 keys
12339 [Memcached IO over {MemcachedConnection to localhost/127.0.0.1:11211}] DEBUG net.spy.memcached.MemcachedConnection  - Handling IO for:  channel=java.nio.channels.SocketChannel[connected local=/127.0.0.1:61839 remote=localhost/127.0.0.1:11211], selector=sun.nio.ch.KQueueSelectorImpl@a39f52, interestOps=1, readyOps=1 (r=true, w=false, c=false, op={QA sa=localhost/127.0.0.1:11211, #Rops=1, #Wops=0, #iq=0, topRop=Cmd: set Key: 8db743545afdcf4a2f8009a1d140c4b0 Flags: 0 Exp: 300 Data Length: 5, topWop=null, toWrite=0, interested=1})
12339 [Memcached IO over {MemcachedConnection to localhost/127.0.0.1:11211}] DEBUG net.spy.memcached.MemcachedConnection  - Read 8 bytes
12339 [Memcached IO over {MemcachedConnection to localhost/127.0.0.1:11211}] DEBUG net.spy.memcached.protocol.ascii.StoreOperationImpl  - Transitioned state from READING to COMPLETE
12339 [Memcached IO over {MemcachedConnection to localhost/127.0.0.1:11211}] DEBUG net.spy.memcached.MemcachedConnection  - Completed read op: Cmd: set Key: 8db743545afdcf4a2f8009a1d140c4b0 Flags: 0 Exp: 300 Data Length: 5 and giving the next 0 bytes
12339 [Memcached IO over {MemcachedConnection to localhost/127.0.0.1:11211}] DEBUG net.spy.memcached.protocol.ascii.AsciiMemcachedNodeImpl  - Setting interested opts to 0
12339 [Memcached IO over {MemcachedConnection to localhost/127.0.0.1:11211}] DEBUG net.spy.memcached.MemcachedConnection  - Done dealing with queue.
12339 [Memcached IO over {MemcachedConnection to localhost/127.0.0.1:11211}] DEBUG net.spy.memcached.MemcachedConnection  - Selecting with delay of 1000ms
12339 [Memcached IO over {MemcachedConnection to localhost/127.0.0.1:11211}] DEBUG net.spy.memcached.MemcachedConnection  - Checked the selectors.
12442 [Test worker] DEBUG com.nicindustries.hibernate.memcached.keystrategy.Md5KeyStrategy  - Final cache key: [8db743545afdcf4a2f8009a1d140c4b0]
12442 [Test worker] DEBUG com.nicindustries.hibernate.memcached.MemcachedCache  - Memcache.get(8db743545afdcf4a2f8009a1d140c4b0)
12443 [Test worker] DEBUG com.nicindustries.hibernate.memcached.spymemcached.SpyMemcache  - MemcachedClient.get(8db743545afdcf4a2f8009a1d140c4b0)
12443 [Test worker] DEBUG net.spy.memcached.MemcachedConnection  - Added Cmd: get Keys: 8db743545afdcf4a2f8009a1d140c4b0Exp: 0 to {QA sa=localhost/127.0.0.1:11211, #Rops=0, #Wops=0, #iq=1, topRop=null, topWop=null, toWrite=0, interested=0}
12443 [Memcached IO over {MemcachedConnection to localhost/127.0.0.1:11211}] DEBUG net.spy.memcached.MemcachedConnection  - No selectors ready, interrupted: false
12443 [Memcached IO over {MemcachedConnection to localhost/127.0.0.1:11211}] DEBUG net.spy.memcached.MemcachedConnection  - Handling queue
12443 [Memcached IO over {MemcachedConnection to localhost/127.0.0.1:11211}] DEBUG net.spy.memcached.protocol.ascii.AsciiMemcachedNodeImpl  - Setting interested opts to 4
12443 [Memcached IO over {MemcachedConnection to localhost/127.0.0.1:11211}] DEBUG net.spy.memcached.MemcachedConnection  - Done dealing with queue.
12443 [Memcached IO over {MemcachedConnection to localhost/127.0.0.1:11211}] DEBUG net.spy.memcached.MemcachedConnection  - Selecting with delay of 1000ms
12443 [Memcached IO over {MemcachedConnection to localhost/127.0.0.1:11211}] DEBUG net.spy.memcached.MemcachedConnection  - Checked the selectors.
12444 [Memcached IO over {MemcachedConnection to localhost/127.0.0.1:11211}] DEBUG net.spy.memcached.MemcachedConnection  - Selected 1, selected 1 keys
12444 [Memcached IO over {MemcachedConnection to localhost/127.0.0.1:11211}] DEBUG net.spy.memcached.MemcachedConnection  - Handling IO for:  channel=java.nio.channels.SocketChannel[connected local=/127.0.0.1:61839 remote=localhost/127.0.0.1:11211], selector=sun.nio.ch.KQueueSelectorImpl@a39f52, interestOps=4, readyOps=4 (r=false, w=true, c=false, op={QA sa=localhost/127.0.0.1:11211, #Rops=0, #Wops=1, #iq=0, topRop=null, topWop=Cmd: get Keys: 8db743545afdcf4a2f8009a1d140c4b0Exp: 0, toWrite=0, interested=4})
12444 [Memcached IO over {MemcachedConnection to localhost/127.0.0.1:11211}] DEBUG net.spy.memcached.protocol.ascii.GetOperationImpl  - Transitioned state from WRITE_QUEUED to WRITING
12444 [Memcached IO over {MemcachedConnection to localhost/127.0.0.1:11211}] DEBUG net.spy.memcached.protocol.ascii.AsciiMemcachedNodeImpl  - After copying stuff from Cmd: get Keys: 8db743545afdcf4a2f8009a1d140c4b0Exp: 0: java.nio.DirectByteBuffer[pos=38 lim=16384 cap=16384]
12444 [Memcached IO over {MemcachedConnection to localhost/127.0.0.1:11211}] DEBUG net.spy.memcached.protocol.ascii.GetOperationImpl  - Transitioned state from WRITING to READING
12444 [Memcached IO over {MemcachedConnection to localhost/127.0.0.1:11211}] DEBUG net.spy.memcached.protocol.ascii.AsciiMemcachedNodeImpl  - Finished writing Cmd: get Keys: 8db743545afdcf4a2f8009a1d140c4b0Exp: 0
12444 [Memcached IO over {MemcachedConnection to localhost/127.0.0.1:11211}] DEBUG net.spy.memcached.protocol.ascii.AsciiMemcachedNodeImpl  - Wrote 38 bytes
12444 [Memcached IO over {MemcachedConnection to localhost/127.0.0.1:11211}] DEBUG net.spy.memcached.protocol.ascii.AsciiMemcachedNodeImpl  - Setting interested opts to 1
12444 [Memcached IO over {MemcachedConnection to localhost/127.0.0.1:11211}] DEBUG net.spy.memcached.MemcachedConnection  - Done dealing with queue.
12444 [Memcached IO over {MemcachedConnection to localhost/127.0.0.1:11211}] DEBUG net.spy.memcached.MemcachedConnection  - Selecting with delay of 1000ms
12444 [Memcached IO over {MemcachedConnection to localhost/127.0.0.1:11211}] DEBUG net.spy.memcached.MemcachedConnection  - Checked the selectors.
12452 [Memcached IO over {MemcachedConnection to localhost/127.0.0.1:11211}] DEBUG net.spy.memcached.MemcachedConnection  - Selected 1, selected 1 keys
12452 [Memcached IO over {MemcachedConnection to localhost/127.0.0.1:11211}] DEBUG net.spy.memcached.MemcachedConnection  - Handling IO for:  channel=java.nio.channels.SocketChannel[connected local=/127.0.0.1:61839 remote=localhost/127.0.0.1:11211], selector=sun.nio.ch.KQueueSelectorImpl@a39f52, interestOps=1, readyOps=1 (r=true, w=false, c=false, op={QA sa=localhost/127.0.0.1:11211, #Rops=1, #Wops=0, #iq=0, topRop=Cmd: get Keys: 8db743545afdcf4a2f8009a1d140c4b0Exp: 0, topWop=null, toWrite=0, interested=1})
12453 [Memcached IO over {MemcachedConnection to localhost/127.0.0.1:11211}] DEBUG net.spy.memcached.MemcachedConnection  - Read 56 bytes
12453 [Memcached IO over {MemcachedConnection to localhost/127.0.0.1:11211}] DEBUG net.spy.memcached.protocol.ascii.GetOperationImpl  - Got line VALUE 8db743545afdcf4a2f8009a1d140c4b0 0 5
12453 [Memcached IO over {MemcachedConnection to localhost/127.0.0.1:11211}] DEBUG net.spy.memcached.protocol.ascii.GetOperationImpl  - Set read type to data
12453 [Memcached IO over {MemcachedConnection to localhost/127.0.0.1:11211}] DEBUG net.spy.memcached.protocol.ascii.GetOperationImpl  - readOffset: 0, length: 5
12453 [Memcached IO over {MemcachedConnection to localhost/127.0.0.1:11211}] DEBUG net.spy.memcached.protocol.ascii.GetOperationImpl  - Reading 5 bytes
12453 [Memcached IO over {MemcachedConnection to localhost/127.0.0.1:11211}] DEBUG net.spy.memcached.protocol.ascii.GetOperationImpl  - Setting read type back to line.
12453 [Memcached IO over {MemcachedConnection to localhost/127.0.0.1:11211}] DEBUG net.spy.memcached.protocol.ascii.GetOperationImpl  - Get complete!
12453 [Memcached IO over {MemcachedConnection to localhost/127.0.0.1:11211}] DEBUG net.spy.memcached.protocol.ascii.GetOperationImpl  - Transitioned state from READING to COMPLETE
12453 [Memcached IO over {MemcachedConnection to localhost/127.0.0.1:11211}] DEBUG net.spy.memcached.MemcachedConnection  - Completed read op: Cmd: get Keys: 8db743545afdcf4a2f8009a1d140c4b0Exp: 0 and giving the next 0 bytes
12453 [Memcached IO over {MemcachedConnection to localhost/127.0.0.1:11211}] DEBUG net.spy.memcached.protocol.ascii.AsciiMemcachedNodeImpl  - Setting interested opts to 0
12453 [Memcached IO over {MemcachedConnection to localhost/127.0.0.1:11211}] DEBUG net.spy.memcached.MemcachedConnection  - Done dealing with queue.
12453 [Memcached IO over {MemcachedConnection to localhost/127.0.0.1:11211}] DEBUG net.spy.memcached.MemcachedConnection  - Selecting with delay of 1000ms
12453 [Memcached IO over {MemcachedConnection to localhost/127.0.0.1:11211}] DEBUG net.spy.memcached.MemcachedConnection  - Checked the selectors.
12454 [Test worker] DEBUG net.spy.memcached.MemcachedConnection  - Shut down channel java.nio.channels.SocketChannel[closed]
12465 [Memcached IO over {MemcachedConnection to localhost/127.0.0.1:11211} - SHUTTING DOWN (telling client)] DEBUG net.spy.memcached.MemcachedConnection  - No IO while shut down.
12465 [Memcached IO over {MemcachedConnection to localhost/127.0.0.1:11211} - SHUTTING DOWN (telling client)] DEBUG net.spy.memcached.MemcachedConnection  - No IO while shut down.
12465 [Memcached IO over {MemcachedConnection to localhost/127.0.0.1:11211} - SHUTTING DOWN (telling client)] DEBUG net.spy.memcached.MemcachedConnection  - No IO while shut down.
12465 [Memcached IO over {MemcachedConnection to localhost/127.0.0.1:11211} - SHUTTING DOWN (telling client)] DEBUG net.spy.memcached.MemcachedConnection  - No IO while shut down.
12465 [Memcached IO over {MemcachedConnection to localhost/127.0.0.1:11211} - SHUTTING DOWN (telling client)] DEBUG net.spy.memcached.MemcachedConnection  - No IO while shut down.
12465 [Memcached IO over {MemcachedConnection to localhost/127.0.0.1:11211} - SHUTTING DOWN (telling client)] DEBUG net.spy.memcached.MemcachedConnection  - No IO while shut down.
12465 [Memcached IO over {MemcachedConnection to localhost/127.0.0.1:11211} - SHUTTING DOWN (telling client)] DEBUG net.spy.memcached.MemcachedConnection  - No IO while shut down.
12465 [Memcached IO over {MemcachedConnection to localhost/127.0.0.1:11211} - SHUTTING DOWN (telling client)] DEBUG net.spy.memcached.MemcachedConnection  - No IO while shut down.
12465 [Memcached IO over {MemcachedConnection to localhost/127.0.0.1:11211} - SHUTTING DOWN (telling client)] DEBUG net.spy.memcached.MemcachedConnection  - No IO while shut down.
12465 [Memcached IO over {MemcachedConnection to localhost/127.0.0.1:11211} - SHUTTING DOWN (telling client)] DEBUG net.spy.memcached.MemcachedConnection  - No IO while shut down.
12465 [Memcached IO over {MemcachedConnection to localhost/127.0.0.1:11211} - SHUTTING DOWN (telling client)] DEBUG net.spy.memcached.MemcachedConnection  - No IO while shut down.
12465 [Memcached IO over {MemcachedConnection to localhost/127.0.0.1:11211} - SHUTTING DOWN (telling client)] DEBUG net.spy.memcached.MemcachedConnection  - No IO while shut down.
12465 [Memcached IO over {MemcachedConnection to localhost/127.0.0.1:11211} - SHUTTING DOWN (telling client)] DEBUG net.spy.memcached.MemcachedConnection  - No IO while shut down.
12465 [Memcached IO over {MemcachedConnection to localhost/127.0.0.1:11211} - SHUTTING DOWN (telling client)] DEBUG net.spy.memcached.MemcachedConnection  - No IO while shut down.
12465 [Memcached IO over {MemcachedConnection to localhost/127.0.0.1:11211} - SHUTTING DOWN (telling client)] DEBUG net.spy.memcached.MemcachedConnection  - No IO while shut down.
12465 [Memcached IO over {MemcachedConnection to localhost/127.0.0.1:11211} - SHUTTING DOWN (telling client)] DEBUG net.spy.memcached.MemcachedConnection  - No IO while shut down.
12465 [Memcached IO over {MemcachedConnection to localhost/127.0.0.1:11211} - SHUTTING DOWN (telling client)] DEBUG net.spy.memcached.MemcachedConnection  - No IO while shut down.
12465 [Memcached IO over {MemcachedConnection to localhost/127.0.0.1:11211} - SHUTTING DOWN (telling client)] DEBUG net.spy.memcached.MemcachedConnection  - No IO while shut down.
12465 [Memcached IO over {MemcachedConnection to localhost/127.0.0.1:11211} - SHUTTING DOWN (telling client)] DEBUG net.spy.memcached.MemcachedConnection  - No IO while shut down.
12465 [Memcached IO over {MemcachedConnection to localhost/127.0.0.1:11211} - SHUTTING DOWN (telling client)] DEBUG net.spy.memcached.MemcachedConnection  - No IO while shut down.
12465 [Memcached IO over {MemcachedConnection to localhost/127.0.0.1:11211} - SHUTTING DOWN (telling client)] DEBUG net.spy.memcached.MemcachedConnection  - No IO while shut down.
12465 [Memcached IO over {MemcachedConnection to localhost/127.0.0.1:11211} - SHUTTING DOWN (telling client)] DEBUG net.spy.memcached.MemcachedConnection  - No IO while shut down.
12465 [Memcached IO over {MemcachedConnection to localhost/127.0.0.1:11211} - SHUTTING DOWN (telling client)] DEBUG net.spy.memcached.MemcachedConnection  - No IO while shut down.
12465 [Memcached IO over {MemcachedConnection to localhost/127.0.0.1:11211} - SHUTTING DOWN (telling client)] DEBUG net.spy.memcached.MemcachedConnection  - No IO while shut down.
12465 [Memcached IO over {MemcachedConnection to localhost/127.0.0.1:11211} - SHUTTING DOWN (telling client)] DEBUG net.spy.memcached.MemcachedConnection  - No IO while shut down.
12465 [Memcached IO over {MemcachedConnection to localhost/127.0.0.1:11211} - SHUTTING DOWN (telling client)] DEBUG net.spy.memcached.MemcachedConnection  - No IO while shut down.
12465 [Memcached IO over {MemcachedConnection to localhost/127.0.0.1:11211} - SHUTTING DOWN (telling client)] DEBUG net.spy.memcached.MemcachedConnection  - No IO while shut down.
12465 [Memcached IO over {MemcachedConnection to localhost/127.0.0.1:11211} - SHUTTING DOWN (telling client)] DEBUG net.spy.memcached.MemcachedConnection  - No IO while shut down.
12465 [Memcached IO over {MemcachedConnection to localhost/127.0.0.1:11211} - SHUTTING DOWN (telling client)] DEBUG net.spy.memcached.MemcachedConnection  - No IO while shut down.
12465 [Memcached IO over {MemcachedConnection to localhost/127.0.0.1:11211} - SHUTTING DOWN (telling client)] DEBUG net.spy.memcached.MemcachedConnection  - No IO while shut down.
12465 [Memcached IO over {MemcachedConnection to localhost/127.0.0.1:11211} - SHUTTING DOWN (telling client)] DEBUG net.spy.memcached.MemcachedConnection  - No IO while shut down.
12465 [Memcached IO over {MemcachedConnection to localhost/127.0.0.1:11211} - SHUTTING DOWN (telling client)] DEBUG net.spy.memcached.MemcachedConnection  - No IO while shut down.
12465 [Memcached IO over {MemcachedConnection to localhost/127.0.0.1:11211} - SHUTTING DOWN (telling client)] DEBUG net.spy.memcached.MemcachedConnection  - No IO while shut down.
12465 [Memcached IO over {MemcachedConnection to localhost/127.0.0.1:11211} - SHUTTING DOWN (telling client)] DEBUG net.spy.memcached.MemcachedConnection  - No IO while shut down.
12465 [Memcached IO over {MemcachedConnection to localhost/127.0.0.1:11211} - SHUTTING DOWN (telling client)] DEBUG net.spy.memcached.MemcachedConnection  - No IO while shut down.
12465 [Memcached IO over {MemcachedConnection to localhost/127.0.0.1:11211} - SHUTTING DOWN (telling client)] DEBUG net.spy.memcached.MemcachedConnection  - No IO while shut down.
12465 [Memcached IO over {MemcachedConnection to localhost/127.0.0.1:11211} - SHUTTING DOWN (telling client)] DEBUG net.spy.memcached.MemcachedConnection  - No IO while shut down.
12465 [Memcached IO over {MemcachedConnection to localhost/127.0.0.1:11211} - SHUTTING DOWN (telling client)] DEBUG net.spy.memcached.MemcachedConnection  - No IO while shut down.
12465 [Memcached IO over {MemcachedConnection to localhost/127.0.0.1:11211} - SHUTTING DOWN (telling client)] DEBUG net.spy.memcached.MemcachedConnection  - No IO while shut down.
12465 [Memcached IO over {MemcachedConnection to localhost/127.0.0.1:11211} - SHUTTING DOWN (telling client)] DEBUG net.spy.memcached.MemcachedConnection  - No IO while shut down.
12465 [Memcached IO over {MemcachedConnection to localhost/127.0.0.1:11211} - SHUTTING DOWN (telling client)] DEBUG net.spy.memcached.MemcachedConnection  - No IO while shut down.
12465 [Memcached IO over {MemcachedConnection to localhost/127.0.0.1:11211} - SHUTTING DOWN (telling client)] DEBUG net.spy.memcached.MemcachedConnection  - No IO while shut down.
12465 [Memcached IO over {MemcachedConnection to localhost/127.0.0.1:11211} - SHUTTING DOWN (telling client)] DEBUG net.spy.memcached.MemcachedConnection  - No IO while shut down.
12465 [Memcached IO over {MemcachedConnection to localhost/127.0.0.1:11211} - SHUTTING DOWN (telling client)] DEBUG net.spy.memcached.MemcachedConnection  - No IO while shut down.
12465 [Memcached IO over {MemcachedConnection to localhost/127.0.0.1:11211} - SHUTTING DOWN (telling client)] DEBUG net.spy.memcached.MemcachedConnection  - No IO while shut down.
12465 [Memcached IO over {MemcachedConnection to localhost/127.0.0.1:11211} - SHUTTING DOWN (telling client)] DEBUG net.spy.memcached.MemcachedConnection  - No IO while shut down.
12466 [Memcached IO over {MemcachedConnection to localhost/127.0.0.1:11211} - SHUTTING DOWN (telling client)] DEBUG net.spy.memcached.MemcachedConnection  - No IO while shut down.
12466 [Memcached IO over {MemcachedConnection to localhost/127.0.0.1:11211} - SHUTTING DOWN (telling client)] DEBUG net.spy.memcached.MemcachedConnection  - No IO while shut down.
12466 [Memcached IO over {MemcachedConnection to localhost/127.0.0.1:11211} - SHUTTING DOWN (telling client)] DEBUG net.spy.memcached.MemcachedConnection  - No IO while shut down.
12466 [Memcached IO over {MemcachedConnection to localhost/127.0.0.1:11211} - SHUTTING DOWN (telling client)] DEBUG net.spy.memcached.MemcachedConnection  - No IO while shut down.
12466 [Memcached IO over {MemcachedConnection to localhost/127.0.0.1:11211} - SHUTTING DOWN (telling client)] DEBUG net.spy.memcached.MemcachedConnection  - No IO while shut down.
12466 [Memcached IO over {MemcachedConnection to localhost/127.0.0.1:11211} - SHUTTING DOWN (telling client)] DEBUG net.spy.memcached.MemcachedConnection  - No IO while shut down.
12466 [Memcached IO over {MemcachedConnection to localhost/127.0.0.1:11211} - SHUTTING DOWN (telling client)] DEBUG net.spy.memcached.MemcachedConnection  - No IO while shut down.
12466 [Memcached IO over {MemcachedConnection to localhost/127.0.0.1:11211} - SHUTTING DOWN (telling client)] DEBUG net.spy.memcached.MemcachedConnection  - No IO while shut down.
12466 [Memcached IO over {MemcachedConnection to localhost/127.0.0.1:11211} - SHUTTING DOWN (telling client)] DEBUG net.spy.memcached.MemcachedConnection  - No IO while shut down.
12466 [Memcached IO over {MemcachedConnection to localhost/127.0.0.1:11211} - SHUTTING DOWN (telling client)] DEBUG net.spy.memcached.MemcachedConnection  - No IO while shut down.
12466 [Memcached IO over {MemcachedConnection to localhost/127.0.0.1:11211} - SHUTTING DOWN (telling client)] DEBUG net.spy.memcached.MemcachedConnection  - No IO while shut down.
12466 [Memcached IO over {MemcachedConnection to localhost/127.0.0.1:11211} - SHUTTING DOWN (telling client)] DEBUG net.spy.memcached.MemcachedConnection  - No IO while shut down.
12466 [Memcached IO over {MemcachedConnection to localhost/127.0.0.1:11211} - SHUTTING DOWN (telling client)] DEBUG net.spy.memcached.MemcachedConnection  - No IO while shut down.
12466 [Memcached IO over {MemcachedConnection to localhost/127.0.0.1:11211} - SHUTTING DOWN (telling client)] DEBUG net.spy.memcached.MemcachedConnection  - No IO while shut down.
12466 [Memcached IO over {MemcachedConnection to localhost/127.0.0.1:11211} - SHUTTING DOWN (telling client)] DEBUG net.spy.memcached.MemcachedConnection  - No IO while shut down.
12466 [Memcached IO over {MemcachedConnection to localhost/127.0.0.1:11211} - SHUTTING DOWN (telling client)] DEBUG net.spy.memcached.MemcachedConnection  - No IO while shut down.
12466 [Memcached IO over {MemcachedConnection to localhost/127.0.0.1:11211} - SHUTTING DOWN (telling client)] DEBUG net.spy.memcached.MemcachedConnection  - No IO while shut down.
12466 [Memcached IO over {MemcachedConnection to localhost/127.0.0.1:11211} - SHUTTING DOWN (telling client)] DEBUG net.spy.memcached.MemcachedConnection  - No IO while shut down.
12466 [Memcached IO over {MemcachedConnection to localhost/127.0.0.1:11211} - SHUTTING DOWN (telling client)] DEBUG net.spy.memcached.MemcachedConnection  - No IO while shut down.
12466 [Memcached IO over {MemcachedConnection to localhost/127.0.0.1:11211} - SHUTTING DOWN (telling client)] DEBUG net.spy.memcached.MemcachedConnection  - No IO while shut down.
12466 [Memcached IO over {MemcachedConnection to localhost/127.0.0.1:11211} - SHUTTING DOWN (telling client)] DEBUG net.spy.memcached.MemcachedConnection  - No IO while shut down.
12466 [Memcached IO over {MemcachedConnection to localhost/127.0.0.1:11211} - SHUTTING DOWN (telling client)] DEBUG net.spy.memcached.MemcachedConnection  - No IO while shut down.
12466 [Memcached IO over {MemcachedConnection to localhost/127.0.0.1:11211} - SHUTTING DOWN (telling client)] DEBUG net.spy.memcached.MemcachedConnection  - No IO while shut down.
12466 [Memcached IO over {MemcachedConnection to localhost/127.0.0.1:11211} - SHUTTING DOWN (telling client)] DEBUG net.spy.memcached.MemcachedConnection  - No IO while shut down.
12466 [Memcached IO over {MemcachedConnection to localhost/127.0.0.1:11211} - SHUTTING DOWN (telling client)] DEBUG net.spy.memcached.MemcachedConnection  - No IO while shut down.
12466 [Memcached IO over {MemcachedConnection to localhost/127.0.0.1:11211} - SHUTTING DOWN (telling client)] DEBUG net.spy.memcached.MemcachedConnection  - No IO while shut down.
12466 [Test worker] DEBUG net.spy.memcached.MemcachedConnection  - Shut down selector sun.nio.ch.KQueueSelectorImpl@a39f52
12466 [Memcached IO over {MemcachedConnection to localhost/127.0.0.1:11211} - SHUTTING DOWN (informed client)] DEBUG net.spy.memcached.MemcachedConnection  - No IO while shut down.
12466 [Memcached IO over {MemcachedConnection to localhost/127.0.0.1:11211} - SHUTTING DOWN (informed client)] INFO net.spy.memcached.MemcachedConnection  - Shut down memcached client
12466 [Test worker] INFO net.spy.memcached.MemcachedConnection  - Setting retryQueueSize to -1
12467 [Test worker] INFO net.spy.memcached.MemcachedConnection  - Added {QA sa=localhost/127.0.0.1:11211, #Rops=0, #Wops=0, #iq=0, topRop=null, topWop=null, toWrite=0, interested=0} to connect queue
12467 [Test worker] DEBUG net.spy.memcached.DefaultConnectionFactory  - Metric collection disabled.
12467 [Memcached IO over {MemcachedConnection to localhost/127.0.0.1:11211}] DEBUG net.spy.memcached.MemcachedConnection  - Done dealing with queue.
12467 [Memcached IO over {MemcachedConnection to localhost/127.0.0.1:11211}] DEBUG net.spy.memcached.MemcachedConnection  - Selecting with delay of 1000ms
12467 [Memcached IO over {MemcachedConnection to localhost/127.0.0.1:11211}] DEBUG net.spy.memcached.MemcachedConnection  - Checked the selectors.
12467 [Memcached IO over {MemcachedConnection to localhost/127.0.0.1:11211}] DEBUG net.spy.memcached.MemcachedConnection  - Selected 1, selected 1 keys
12467 [Memcached IO over {MemcachedConnection to localhost/127.0.0.1:11211}] DEBUG net.spy.memcached.MemcachedConnection  - Handling IO for:  channel=java.nio.channels.SocketChannel[connection-pending remote=localhost/127.0.0.1:11211], selector=sun.nio.ch.KQueueSelectorImpl@79dcb849, interestOps=8, readyOps=8 (r=false, w=false, c=true, op={QA sa=localhost/127.0.0.1:11211, #Rops=0, #Wops=0, #iq=0, topRop=null, topWop=null, toWrite=0, interested=8})
12467 [Memcached IO over {MemcachedConnection to localhost/127.0.0.1:11211}] DEBUG net.spy.memcached.MemcachedConnection  - Connection state changed for channel=java.nio.channels.SocketChannel[connection-pending remote=localhost/127.0.0.1:11211], selector=sun.nio.ch.KQueueSelectorImpl@79dcb849, interestOps=8, readyOps=8
12467 [Memcached IO over {MemcachedConnection to localhost/127.0.0.1:11211}] DEBUG net.spy.memcached.protocol.ascii.AsciiMemcachedNodeImpl  - Setting interested opts to 0
12467 [Memcached IO over {MemcachedConnection to localhost/127.0.0.1:11211}] DEBUG net.spy.memcached.MemcachedConnection  - Handling queue
12467 [Memcached IO over {MemcachedConnection to localhost/127.0.0.1:11211}] DEBUG net.spy.memcached.protocol.ascii.AsciiMemcachedNodeImpl  - Setting interested opts to 0
12467 [Memcached IO over {MemcachedConnection to localhost/127.0.0.1:11211}] DEBUG net.spy.memcached.MemcachedConnection  - Done dealing with queue.
12467 [Memcached IO over {MemcachedConnection to localhost/127.0.0.1:11211}] DEBUG net.spy.memcached.MemcachedConnection  - Selecting with delay of 1000ms
12467 [Memcached IO over {MemcachedConnection to localhost/127.0.0.1:11211}] DEBUG net.spy.memcached.MemcachedConnection  - Checked the selectors.
12468 [Test worker] WARN com.nicindustries.hibernate.memcached.Config  - Could not instantiate keyStrategy class InvalidClass. Will use default: Sha1KeyStrategy
java.lang.ClassNotFoundException: InvalidClass
	at java.base/jdk.internal.loader.BuiltinClassLoader.loadClass(BuiltinClassLoader.java:641)
	at java.base/jdk.internal.loader.ClassLoaders$AppClassLoader.loadClass(ClassLoaders.java:188)
	at java.base/java.lang.ClassLoader.loadClass(ClassLoader.java:520)
	at java.base/java.lang.Class.forName0(Native Method)
	at java.base/java.lang.Class.forName(Class.java:375)
	at com.nicindustries.hibernate.memcached.Config.instantiateKeyStrategy(Config.java:67)
	at com.nicindustries.hibernate.memcached.Config.getKeyStrategy(Config.java:76)
	at com.nicindustries.hibernate.memcached.MemcachedCache.configureInstance(MemcachedCache.java:84)
	at com.nicindustries.hibernate.memcached.MemcachedCache.<init>(MemcachedCache.java:70)
	at com.integration.com.nicindustries.hibernate.memcached.spymemcached.SpyMemcacheIT.testNoPropertyKeyStrategy(SpyMemcacheIT.java:98)
	at java.base/jdk.internal.reflect.NativeMethodAccessorImpl.invoke0(Native Method)
	at java.base/jdk.internal.reflect.NativeMethodAccessorImpl.invoke(NativeMethodAccessorImpl.java:77)
	at java.base/jdk.internal.reflect.DelegatingMethodAccessorImpl.invoke(DelegatingMethodAccessorImpl.java:43)
	at java.base/java.lang.reflect.Method.invoke(Method.java:568)
	at org.junit.runners.model.FrameworkMethod$1.runReflectiveCall(FrameworkMethod.java:59)
	at org.junit.internal.runners.model.ReflectiveCallable.run(ReflectiveCallable.java:12)
	at org.junit.runners.model.FrameworkMethod.invokeExplosively(FrameworkMethod.java:56)
	at org.junit.internal.runners.statements.InvokeMethod.evaluate(InvokeMethod.java:17)
	at org.junit.internal.runners.statements.RunBefores.evaluate(RunBefores.java:26)
	at org.junit.internal.runners.statements.RunAfters.evaluate(RunAfters.java:27)
	at org.junit.runners.ParentRunner$3.evaluate(ParentRunner.java:306)
	at org.junit.runners.BlockJUnit4ClassRunner$1.evaluate(BlockJUnit4ClassRunner.java:100)
	at org.junit.runners.ParentRunner.runLeaf(ParentRunner.java:366)
	at org.junit.runners.BlockJUnit4ClassRunner.runChild(BlockJUnit4ClassRunner.java:103)
	at org.junit.runners.BlockJUnit4ClassRunner.runChild(BlockJUnit4ClassRunner.java:63)
	at org.junit.runners.ParentRunner$4.run(ParentRunner.java:331)
	at org.junit.runners.ParentRunner$1.schedule(ParentRunner.java:79)
	at org.junit.runners.ParentRunner.runChildren(ParentRunner.java:329)
	at org.junit.runners.ParentRunner.access$100(ParentRunner.java:66)
	at org.junit.runners.ParentRunner$2.evaluate(ParentRunner.java:293)
	at org.junit.runners.ParentRunner$3.evaluate(ParentRunner.java:306)
	at org.junit.runners.ParentRunner.run(ParentRunner.java:413)
	at org.gradle.api.internal.tasks.testing.junit.JUnitTestClassExecutor.runTestClass(JUnitTestClassExecutor.java:110)
	at org.gradle.api.internal.tasks.testing.junit.JUnitTestClassExecutor.execute(JUnitTestClassExecutor.java:58)
	at org.gradle.api.internal.tasks.testing.junit.JUnitTestClassExecutor.execute(JUnitTestClassExecutor.java:38)
	at org.gradle.api.internal.tasks.testing.junit.AbstractJUnitTestClassProcessor.processTestClass(AbstractJUnitTestClassProcessor.java:62)
	at org.gradle.api.internal.tasks.testing.SuiteTestClassProcessor.processTestClass(SuiteTestClassProcessor.java:51)
	at java.base/jdk.internal.reflect.NativeMethodAccessorImpl.invoke0(Native Method)
	at java.base/jdk.internal.reflect.NativeMethodAccessorImpl.invoke(NativeMethodAccessorImpl.java:77)
	at java.base/jdk.internal.reflect.DelegatingMethodAccessorImpl.invoke(DelegatingMethodAccessorImpl.java:43)
	at java.base/java.lang.reflect.Method.invoke(Method.java:568)
	at org.gradle.internal.dispatch.ReflectionDispatch.dispatch(ReflectionDispatch.java:36)
	at org.gradle.internal.dispatch.ReflectionDispatch.dispatch(ReflectionDispatch.java:24)
	at org.gradle.internal.dispatch.ContextClassLoaderDispatch.dispatch(ContextClassLoaderDispatch.java:33)
	at org.gradle.internal.dispatch.ProxyDispatchAdapter$DispatchingInvocationHandler.invoke(ProxyDispatchAdapter.java:94)
	at jdk.proxy1/jdk.proxy1.$Proxy2.processTestClass(Unknown Source)
	at org.gradle.api.internal.tasks.testing.worker.TestWorker$2.run(TestWorker.java:176)
	at org.gradle.api.internal.tasks.testing.worker.TestWorker.executeAndMaintainThreadName(TestWorker.java:129)
	at org.gradle.api.internal.tasks.testing.worker.TestWorker.execute(TestWorker.java:100)
	at org.gradle.api.internal.tasks.testing.worker.TestWorker.execute(TestWorker.java:60)
	at org.gradle.process.internal.worker.child.ActionExecutionWorker.execute(ActionExecutionWorker.java:56)
	at org.gradle.process.internal.worker.child.SystemApplicationClassLoaderWorker.call(SystemApplicationClassLoaderWorker.java:133)
	at org.gradle.process.internal.worker.child.SystemApplicationClassLoaderWorker.call(SystemApplicationClassLoaderWorker.java:71)
	at worker.org.gradle.process.internal.worker.GradleWorkerMain.run(GradleWorkerMain.java:69)
	at worker.org.gradle.process.internal.worker.GradleWorkerMain.main(GradleWorkerMain.java:74)
12468 [Test worker] DEBUG com.nicindustries.hibernate.memcached.keystrategy.Sha1KeyStrategy  - Final cache key: [d2a85b948dfa717dfe3ee084eb9111db6bd989bd]
12468 [Test worker] DEBUG com.nicindustries.hibernate.memcached.MemcachedCache  - Memcache.set(d2a85b948dfa717dfe3ee084eb9111db6bd989bd)
12468 [Test worker] DEBUG com.nicindustries.hibernate.memcached.spymemcached.SpyMemcache  - MemcachedClient.set(d2a85b948dfa717dfe3ee084eb9111db6bd989bd)
12468 [Test worker] DEBUG net.spy.memcached.MemcachedConnection  - Added Cmd: set Key: d2a85b948dfa717dfe3ee084eb9111db6bd989bd Flags: 0 Exp: 300 Data Length: 5 to {QA sa=localhost/127.0.0.1:11211, #Rops=0, #Wops=0, #iq=1, topRop=null, topWop=null, toWrite=0, interested=0}
12468 [Memcached IO over {MemcachedConnection to localhost/127.0.0.1:11211}] DEBUG net.spy.memcached.MemcachedConnection  - No selectors ready, interrupted: false
12468 [Memcached IO over {MemcachedConnection to localhost/127.0.0.1:11211}] DEBUG net.spy.memcached.MemcachedConnection  - Handling queue
12468 [Memcached IO over {MemcachedConnection to localhost/127.0.0.1:11211}] DEBUG net.spy.memcached.protocol.ascii.AsciiMemcachedNodeImpl  - Setting interested opts to 4
12468 [Memcached IO over {MemcachedConnection to localhost/127.0.0.1:11211}] DEBUG net.spy.memcached.MemcachedConnection  - Done dealing with queue.
12469 [Memcached IO over {MemcachedConnection to localhost/127.0.0.1:11211}] DEBUG net.spy.memcached.MemcachedConnection  - Selecting with delay of 1000ms
12469 [Memcached IO over {MemcachedConnection to localhost/127.0.0.1:11211}] DEBUG net.spy.memcached.MemcachedConnection  - Checked the selectors.
12469 [Memcached IO over {MemcachedConnection to localhost/127.0.0.1:11211}] DEBUG net.spy.memcached.MemcachedConnection  - Selected 1, selected 1 keys
12469 [Memcached IO over {MemcachedConnection to localhost/127.0.0.1:11211}] DEBUG net.spy.memcached.MemcachedConnection  - Handling IO for:  channel=java.nio.channels.SocketChannel[connected local=/127.0.0.1:61840 remote=localhost/127.0.0.1:11211], selector=sun.nio.ch.KQueueSelectorImpl@79dcb849, interestOps=4, readyOps=4 (r=false, w=true, c=false, op={QA sa=localhost/127.0.0.1:11211, #Rops=0, #Wops=1, #iq=0, topRop=null, topWop=Cmd: set Key: d2a85b948dfa717dfe3ee084eb9111db6bd989bd Flags: 0 Exp: 300 Data Length: 5, toWrite=0, interested=4})
12469 [Memcached IO over {MemcachedConnection to localhost/127.0.0.1:11211}] DEBUG net.spy.memcached.protocol.ascii.StoreOperationImpl  - Transitioned state from WRITE_QUEUED to WRITING
12469 [Memcached IO over {MemcachedConnection to localhost/127.0.0.1:11211}] DEBUG net.spy.memcached.protocol.ascii.AsciiMemcachedNodeImpl  - After copying stuff from Cmd: set Key: d2a85b948dfa717dfe3ee084eb9111db6bd989bd Flags: 0 Exp: 300 Data Length: 5: java.nio.DirectByteBuffer[pos=61 lim=16384 cap=16384]
12469 [Memcached IO over {MemcachedConnection to localhost/127.0.0.1:11211}] DEBUG net.spy.memcached.protocol.ascii.StoreOperationImpl  - Transitioned state from WRITING to READING
12469 [Memcached IO over {MemcachedConnection to localhost/127.0.0.1:11211}] DEBUG net.spy.memcached.protocol.ascii.AsciiMemcachedNodeImpl  - Finished writing Cmd: set Key: d2a85b948dfa717dfe3ee084eb9111db6bd989bd Flags: 0 Exp: 300 Data Length: 5
12469 [Memcached IO over {MemcachedConnection to localhost/127.0.0.1:11211}] DEBUG net.spy.memcached.protocol.ascii.AsciiMemcachedNodeImpl  - Wrote 61 bytes
12469 [Memcached IO over {MemcachedConnection to localhost/127.0.0.1:11211}] DEBUG net.spy.memcached.protocol.ascii.AsciiMemcachedNodeImpl  - Setting interested opts to 1
12469 [Memcached IO over {MemcachedConnection to localhost/127.0.0.1:11211}] DEBUG net.spy.memcached.MemcachedConnection  - Done dealing with queue.
12469 [Memcached IO over {MemcachedConnection to localhost/127.0.0.1:11211}] DEBUG net.spy.memcached.MemcachedConnection  - Selecting with delay of 1000ms
12469 [Memcached IO over {MemcachedConnection to localhost/127.0.0.1:11211}] DEBUG net.spy.memcached.MemcachedConnection  - Checked the selectors.
12475 [Memcached IO over {MemcachedConnection to localhost/127.0.0.1:11211}] DEBUG net.spy.memcached.MemcachedConnection  - Selected 1, selected 1 keys
12475 [Memcached IO over {MemcachedConnection to localhost/127.0.0.1:11211}] DEBUG net.spy.memcached.MemcachedConnection  - Handling IO for:  channel=java.nio.channels.SocketChannel[connected local=/127.0.0.1:61840 remote=localhost/127.0.0.1:11211], selector=sun.nio.ch.KQueueSelectorImpl@79dcb849, interestOps=1, readyOps=1 (r=true, w=false, c=false, op={QA sa=localhost/127.0.0.1:11211, #Rops=1, #Wops=0, #iq=0, topRop=Cmd: set Key: d2a85b948dfa717dfe3ee084eb9111db6bd989bd Flags: 0 Exp: 300 Data Length: 5, topWop=null, toWrite=0, interested=1})
12475 [Memcached IO over {MemcachedConnection to localhost/127.0.0.1:11211}] DEBUG net.spy.memcached.MemcachedConnection  - Read 8 bytes
12475 [Memcached IO over {MemcachedConnection to localhost/127.0.0.1:11211}] DEBUG net.spy.memcached.protocol.ascii.StoreOperationImpl  - Transitioned state from READING to COMPLETE
12475 [Memcached IO over {MemcachedConnection to localhost/127.0.0.1:11211}] DEBUG net.spy.memcached.MemcachedConnection  - Completed read op: Cmd: set Key: d2a85b948dfa717dfe3ee084eb9111db6bd989bd Flags: 0 Exp: 300 Data Length: 5 and giving the next 0 bytes
12476 [Memcached IO over {MemcachedConnection to localhost/127.0.0.1:11211}] DEBUG net.spy.memcached.protocol.ascii.AsciiMemcachedNodeImpl  - Setting interested opts to 0
12476 [Memcached IO over {MemcachedConnection to localhost/127.0.0.1:11211}] DEBUG net.spy.memcached.MemcachedConnection  - Done dealing with queue.
12476 [Memcached IO over {MemcachedConnection to localhost/127.0.0.1:11211}] DEBUG net.spy.memcached.MemcachedConnection  - Selecting with delay of 1000ms
12476 [Memcached IO over {MemcachedConnection to localhost/127.0.0.1:11211}] DEBUG net.spy.memcached.MemcachedConnection  - Checked the selectors.
12574 [Test worker] DEBUG com.nicindustries.hibernate.memcached.keystrategy.Sha1KeyStrategy  - Final cache key: [d2a85b948dfa717dfe3ee084eb9111db6bd989bd]
12574 [Test worker] DEBUG com.nicindustries.hibernate.memcached.MemcachedCache  - Memcache.get(d2a85b948dfa717dfe3ee084eb9111db6bd989bd)
12574 [Test worker] DEBUG com.nicindustries.hibernate.memcached.spymemcached.SpyMemcache  - MemcachedClient.get(d2a85b948dfa717dfe3ee084eb9111db6bd989bd)
12575 [Memcached IO over {MemcachedConnection to localhost/127.0.0.1:11211}] DEBUG net.spy.memcached.MemcachedConnection  - No selectors ready, interrupted: false
12575 [Test worker] DEBUG net.spy.memcached.MemcachedConnection  - Added Cmd: get Keys: d2a85b948dfa717dfe3ee084eb9111db6bd989bdExp: 0 to {QA sa=localhost/127.0.0.1:11211, #Rops=0, #Wops=0, #iq=1, topRop=null, topWop=null, toWrite=0, interested=0}
12575 [Memcached IO over {MemcachedConnection to localhost/127.0.0.1:11211}] DEBUG net.spy.memcached.MemcachedConnection  - Handling queue
12575 [Memcached IO over {MemcachedConnection to localhost/127.0.0.1:11211}] DEBUG net.spy.memcached.protocol.ascii.AsciiMemcachedNodeImpl  - Setting interested opts to 4
12575 [Memcached IO over {MemcachedConnection to localhost/127.0.0.1:11211}] DEBUG net.spy.memcached.MemcachedConnection  - Done dealing with queue.
12575 [Memcached IO over {MemcachedConnection to localhost/127.0.0.1:11211}] DEBUG net.spy.memcached.MemcachedConnection  - Selecting with delay of 1000ms
12575 [Memcached IO over {MemcachedConnection to localhost/127.0.0.1:11211}] DEBUG net.spy.memcached.MemcachedConnection  - Checked the selectors.
12575 [Memcached IO over {MemcachedConnection to localhost/127.0.0.1:11211}] DEBUG net.spy.memcached.MemcachedConnection  - Selected 1, selected 1 keys
12576 [Memcached IO over {MemcachedConnection to localhost/127.0.0.1:11211}] DEBUG net.spy.memcached.MemcachedConnection  - Handling IO for:  channel=java.nio.channels.SocketChannel[connected local=/127.0.0.1:61840 remote=localhost/127.0.0.1:11211], selector=sun.nio.ch.KQueueSelectorImpl@79dcb849, interestOps=4, readyOps=4 (r=false, w=true, c=false, op={QA sa=localhost/127.0.0.1:11211, #Rops=0, #Wops=1, #iq=0, topRop=null, topWop=Cmd: get Keys: d2a85b948dfa717dfe3ee084eb9111db6bd989bdExp: 0, toWrite=0, interested=4})
12576 [Memcached IO over {MemcachedConnection to localhost/127.0.0.1:11211}] DEBUG net.spy.memcached.protocol.ascii.GetOperationImpl  - Transitioned state from WRITE_QUEUED to WRITING
12576 [Memcached IO over {MemcachedConnection to localhost/127.0.0.1:11211}] DEBUG net.spy.memcached.protocol.ascii.AsciiMemcachedNodeImpl  - After copying stuff from Cmd: get Keys: d2a85b948dfa717dfe3ee084eb9111db6bd989bdExp: 0: java.nio.DirectByteBuffer[pos=46 lim=16384 cap=16384]
12576 [Memcached IO over {MemcachedConnection to localhost/127.0.0.1:11211}] DEBUG net.spy.memcached.protocol.ascii.GetOperationImpl  - Transitioned state from WRITING to READING
12576 [Memcached IO over {MemcachedConnection to localhost/127.0.0.1:11211}] DEBUG net.spy.memcached.protocol.ascii.AsciiMemcachedNodeImpl  - Finished writing Cmd: get Keys: d2a85b948dfa717dfe3ee084eb9111db6bd989bdExp: 0
12576 [Memcached IO over {MemcachedConnection to localhost/127.0.0.1:11211}] DEBUG net.spy.memcached.protocol.ascii.AsciiMemcachedNodeImpl  - Wrote 46 bytes
12576 [Memcached IO over {MemcachedConnection to localhost/127.0.0.1:11211}] DEBUG net.spy.memcached.protocol.ascii.AsciiMemcachedNodeImpl  - Setting interested opts to 1
12576 [Memcached IO over {MemcachedConnection to localhost/127.0.0.1:11211}] DEBUG net.spy.memcached.MemcachedConnection  - Done dealing with queue.
12576 [Memcached IO over {MemcachedConnection to localhost/127.0.0.1:11211}] DEBUG net.spy.memcached.MemcachedConnection  - Selecting with delay of 1000ms
12576 [Memcached IO over {MemcachedConnection to localhost/127.0.0.1:11211}] DEBUG net.spy.memcached.MemcachedConnection  - Checked the selectors.
12583 [Memcached IO over {MemcachedConnection to localhost/127.0.0.1:11211}] DEBUG net.spy.memcached.MemcachedConnection  - Selected 1, selected 1 keys
12584 [Memcached IO over {MemcachedConnection to localhost/127.0.0.1:11211}] DEBUG net.spy.memcached.MemcachedConnection  - Handling IO for:  channel=java.nio.channels.SocketChannel[connected local=/127.0.0.1:61840 remote=localhost/127.0.0.1:11211], selector=sun.nio.ch.KQueueSelectorImpl@79dcb849, interestOps=1, readyOps=1 (r=true, w=false, c=false, op={QA sa=localhost/127.0.0.1:11211, #Rops=1, #Wops=0, #iq=0, topRop=Cmd: get Keys: d2a85b948dfa717dfe3ee084eb9111db6bd989bdExp: 0, topWop=null, toWrite=0, interested=1})
12584 [Memcached IO over {MemcachedConnection to localhost/127.0.0.1:11211}] DEBUG net.spy.memcached.MemcachedConnection  - Read 64 bytes
12584 [Memcached IO over {MemcachedConnection to localhost/127.0.0.1:11211}] DEBUG net.spy.memcached.protocol.ascii.GetOperationImpl  - Got line VALUE d2a85b948dfa717dfe3ee084eb9111db6bd989bd 0 5
12584 [Memcached IO over {MemcachedConnection to localhost/127.0.0.1:11211}] DEBUG net.spy.memcached.protocol.ascii.GetOperationImpl  - Set read type to data
12584 [Memcached IO over {MemcachedConnection to localhost/127.0.0.1:11211}] DEBUG net.spy.memcached.protocol.ascii.GetOperationImpl  - readOffset: 0, length: 5
12584 [Memcached IO over {MemcachedConnection to localhost/127.0.0.1:11211}] DEBUG net.spy.memcached.protocol.ascii.GetOperationImpl  - Reading 5 bytes
12584 [Memcached IO over {MemcachedConnection to localhost/127.0.0.1:11211}] DEBUG net.spy.memcached.protocol.ascii.GetOperationImpl  - Setting read type back to line.
12584 [Memcached IO over {MemcachedConnection to localhost/127.0.0.1:11211}] DEBUG net.spy.memcached.protocol.ascii.GetOperationImpl  - Get complete!
12584 [Memcached IO over {MemcachedConnection to localhost/127.0.0.1:11211}] DEBUG net.spy.memcached.protocol.ascii.GetOperationImpl  - Transitioned state from READING to COMPLETE
12584 [Memcached IO over {MemcachedConnection to localhost/127.0.0.1:11211}] DEBUG net.spy.memcached.MemcachedConnection  - Completed read op: Cmd: get Keys: d2a85b948dfa717dfe3ee084eb9111db6bd989bdExp: 0 and giving the next 0 bytes
12584 [Memcached IO over {MemcachedConnection to localhost/127.0.0.1:11211}] DEBUG net.spy.memcached.protocol.ascii.AsciiMemcachedNodeImpl  - Setting interested opts to 0
12584 [Memcached IO over {MemcachedConnection to localhost/127.0.0.1:11211}] DEBUG net.spy.memcached.MemcachedConnection  - Done dealing with queue.
12584 [Memcached IO over {MemcachedConnection to localhost/127.0.0.1:11211}] DEBUG net.spy.memcached.MemcachedConnection  - Selecting with delay of 1000ms
12584 [Memcached IO over {MemcachedConnection to localhost/127.0.0.1:11211}] DEBUG net.spy.memcached.MemcachedConnection  - Checked the selectors.
12594 [Test worker] DEBUG net.spy.memcached.MemcachedConnection  - Shut down channel java.nio.channels.SocketChannel[closed]
12594 [Memcached IO over {MemcachedConnection to localhost/127.0.0.1:11211} - SHUTTING DOWN (telling client)] DEBUG net.spy.memcached.MemcachedConnection  - No IO while shut down.
12594 [Memcached IO over {MemcachedConnection to localhost/127.0.0.1:11211} - SHUTTING DOWN (telling client)] DEBUG net.spy.memcached.MemcachedConnection  - No IO while shut down.
12594 [Test worker] DEBUG net.spy.memcached.MemcachedConnection  - Shut down selector sun.nio.ch.KQueueSelectorImpl@79dcb849
12594 [Memcached IO over {MemcachedConnection to localhost/127.0.0.1:11211} - SHUTTING DOWN (telling client)] DEBUG net.spy.memcached.MemcachedConnection  - No IO while shut down.
12594 [Memcached IO over {MemcachedConnection to localhost/127.0.0.1:11211} - SHUTTING DOWN (informed client)] INFO net.spy.memcached.MemcachedConnection  - Shut down memcached client
12595 [Test worker] INFO net.spy.memcached.MemcachedConnection  - Setting retryQueueSize to -1
12595 [Test worker] INFO net.spy.memcached.MemcachedConnection  - Added {QA sa=localhost/127.0.0.1:11211, #Rops=0, #Wops=0, #iq=0, topRop=null, topWop=null, toWrite=0, interested=0} to connect queue
12595 [Test worker] DEBUG net.spy.memcached.DefaultConnectionFactory  - Metric collection disabled.
12595 [Memcached IO over {MemcachedConnection to localhost/127.0.0.1:11211}] DEBUG net.spy.memcached.MemcachedConnection  - Done dealing with queue.
12596 [Memcached IO over {MemcachedConnection to localhost/127.0.0.1:11211}] DEBUG net.spy.memcached.MemcachedConnection  - Selecting with delay of 1000ms
12596 [Memcached IO over {MemcachedConnection to localhost/127.0.0.1:11211}] DEBUG net.spy.memcached.MemcachedConnection  - Checked the selectors.
12596 [Test worker] DEBUG com.nicindustries.hibernate.memcached.spymemcached.SpyMemcache  - MemcachedClient.get(MemcachedCacheTest:index_key)
12596 [Memcached IO over {MemcachedConnection to localhost/127.0.0.1:11211}] DEBUG net.spy.memcached.MemcachedConnection  - Selected 1, selected 1 keys
12596 [Test worker] WARN net.spy.memcached.MemcachedConnection  - Could not redistribute to another node, retrying primary node for MemcachedCacheTest:index_key.
12596 [Memcached IO over {MemcachedConnection to localhost/127.0.0.1:11211}] DEBUG net.spy.memcached.MemcachedConnection  - Handling IO for:  channel=java.nio.channels.SocketChannel[connection-pending remote=localhost/127.0.0.1:11211], selector=sun.nio.ch.KQueueSelectorImpl@56823dd7, interestOps=8, readyOps=8 (r=false, w=false, c=true, op={QA sa=localhost/127.0.0.1:11211, #Rops=0, #Wops=0, #iq=0, topRop=null, topWop=null, toWrite=0, interested=8})
12596 [Memcached IO over {MemcachedConnection to localhost/127.0.0.1:11211}] DEBUG net.spy.memcached.MemcachedConnection  - Connection state changed for channel=java.nio.channels.SocketChannel[connection-pending remote=localhost/127.0.0.1:11211], selector=sun.nio.ch.KQueueSelectorImpl@56823dd7, interestOps=8, readyOps=8
12596 [Test worker] DEBUG net.spy.memcached.MemcachedConnection  - Added Cmd: get Keys: MemcachedCacheTest:index_keyExp: 0 to {QA sa=localhost/127.0.0.1:11211, #Rops=0, #Wops=0, #iq=1, topRop=null, topWop=null, toWrite=0, interested=8}
12596 [Memcached IO over {MemcachedConnection to localhost/127.0.0.1:11211}] DEBUG net.spy.memcached.protocol.ascii.AsciiMemcachedNodeImpl  - Setting interested opts to 0
12596 [Memcached IO over {MemcachedConnection to localhost/127.0.0.1:11211}] DEBUG net.spy.memcached.MemcachedConnection  - Handling queue
12596 [Memcached IO over {MemcachedConnection to localhost/127.0.0.1:11211}] DEBUG net.spy.memcached.protocol.ascii.AsciiMemcachedNodeImpl  - Setting interested opts to 4
12596 [Memcached IO over {MemcachedConnection to localhost/127.0.0.1:11211}] DEBUG net.spy.memcached.MemcachedConnection  - Done dealing with queue.
12596 [Memcached IO over {MemcachedConnection to localhost/127.0.0.1:11211}] DEBUG net.spy.memcached.MemcachedConnection  - Selecting with delay of 1000ms
12596 [Memcached IO over {MemcachedConnection to localhost/127.0.0.1:11211}] DEBUG net.spy.memcached.MemcachedConnection  - Checked the selectors.
12596 [Memcached IO over {MemcachedConnection to localhost/127.0.0.1:11211}] DEBUG net.spy.memcached.MemcachedConnection  - Selected 1, selected 1 keys
12596 [Memcached IO over {MemcachedConnection to localhost/127.0.0.1:11211}] DEBUG net.spy.memcached.MemcachedConnection  - Handling IO for:  channel=java.nio.channels.SocketChannel[connected local=/127.0.0.1:61841 remote=localhost/127.0.0.1:11211], selector=sun.nio.ch.KQueueSelectorImpl@56823dd7, interestOps=4, readyOps=4 (r=false, w=true, c=false, op={QA sa=localhost/127.0.0.1:11211, #Rops=0, #Wops=1, #iq=0, topRop=null, topWop=Cmd: get Keys: MemcachedCacheTest:index_keyExp: 0, toWrite=0, interested=4})
12596 [Memcached IO over {MemcachedConnection to localhost/127.0.0.1:11211}] DEBUG net.spy.memcached.protocol.ascii.GetOperationImpl  - Transitioned state from WRITE_QUEUED to WRITING
12596 [Memcached IO over {MemcachedConnection to localhost/127.0.0.1:11211}] DEBUG net.spy.memcached.protocol.ascii.AsciiMemcachedNodeImpl  - After copying stuff from Cmd: get Keys: MemcachedCacheTest:index_keyExp: 0: java.nio.DirectByteBuffer[pos=34 lim=16384 cap=16384]
12596 [Memcached IO over {MemcachedConnection to localhost/127.0.0.1:11211}] DEBUG net.spy.memcached.protocol.ascii.GetOperationImpl  - Transitioned state from WRITING to READING
12596 [Memcached IO over {MemcachedConnection to localhost/127.0.0.1:11211}] DEBUG net.spy.memcached.protocol.ascii.AsciiMemcachedNodeImpl  - Finished writing Cmd: get Keys: MemcachedCacheTest:index_keyExp: 0
12596 [Memcached IO over {MemcachedConnection to localhost/127.0.0.1:11211}] DEBUG net.spy.memcached.protocol.ascii.AsciiMemcachedNodeImpl  - Wrote 34 bytes
12596 [Memcached IO over {MemcachedConnection to localhost/127.0.0.1:11211}] DEBUG net.spy.memcached.protocol.ascii.AsciiMemcachedNodeImpl  - Setting interested opts to 1
12596 [Memcached IO over {MemcachedConnection to localhost/127.0.0.1:11211}] DEBUG net.spy.memcached.MemcachedConnection  - Done dealing with queue.
12596 [Memcached IO over {MemcachedConnection to localhost/127.0.0.1:11211}] DEBUG net.spy.memcached.MemcachedConnection  - Selecting with delay of 1000ms
12596 [Memcached IO over {MemcachedConnection to localhost/127.0.0.1:11211}] DEBUG net.spy.memcached.MemcachedConnection  - Checked the selectors.
12608 [Memcached IO over {MemcachedConnection to localhost/127.0.0.1:11211}] DEBUG net.spy.memcached.MemcachedConnection  - Selected 1, selected 1 keys
12609 [Memcached IO over {MemcachedConnection to localhost/127.0.0.1:11211}] DEBUG net.spy.memcached.MemcachedConnection  - Handling IO for:  channel=java.nio.channels.SocketChannel[connected local=/127.0.0.1:61841 remote=localhost/127.0.0.1:11211], selector=sun.nio.ch.KQueueSelectorImpl@56823dd7, interestOps=1, readyOps=1 (r=true, w=false, c=false, op={QA sa=localhost/127.0.0.1:11211, #Rops=1, #Wops=0, #iq=0, topRop=Cmd: get Keys: MemcachedCacheTest:index_keyExp: 0, topWop=null, toWrite=0, interested=1})
12609 [Memcached IO over {MemcachedConnection to localhost/127.0.0.1:11211}] DEBUG net.spy.memcached.MemcachedConnection  - Read 49 bytes
12609 [Memcached IO over {MemcachedConnection to localhost/127.0.0.1:11211}] DEBUG net.spy.memcached.protocol.ascii.GetOperationImpl  - Got line VALUE MemcachedCacheTest:index_key 0 2
12609 [Memcached IO over {MemcachedConnection to localhost/127.0.0.1:11211}] DEBUG net.spy.memcached.protocol.ascii.GetOperationImpl  - Set read type to data
12609 [Memcached IO over {MemcachedConnection to localhost/127.0.0.1:11211}] DEBUG net.spy.memcached.protocol.ascii.GetOperationImpl  - readOffset: 0, length: 2
12609 [Memcached IO over {MemcachedConnection to localhost/127.0.0.1:11211}] DEBUG net.spy.memcached.protocol.ascii.GetOperationImpl  - Reading 2 bytes
12609 [Memcached IO over {MemcachedConnection to localhost/127.0.0.1:11211}] DEBUG net.spy.memcached.protocol.ascii.GetOperationImpl  - Setting read type back to line.
12609 [Memcached IO over {MemcachedConnection to localhost/127.0.0.1:11211}] DEBUG net.spy.memcached.protocol.ascii.GetOperationImpl  - Get complete!
12609 [Memcached IO over {MemcachedConnection to localhost/127.0.0.1:11211}] DEBUG net.spy.memcached.protocol.ascii.GetOperationImpl  - Transitioned state from READING to COMPLETE
12609 [Memcached IO over {MemcachedConnection to localhost/127.0.0.1:11211}] DEBUG net.spy.memcached.MemcachedConnection  - Completed read op: Cmd: get Keys: MemcachedCacheTest:index_keyExp: 0 and giving the next 0 bytes
12609 [Memcached IO over {MemcachedConnection to localhost/127.0.0.1:11211}] DEBUG net.spy.memcached.protocol.ascii.AsciiMemcachedNodeImpl  - Setting interested opts to 0
12609 [Memcached IO over {MemcachedConnection to localhost/127.0.0.1:11211}] DEBUG net.spy.memcached.MemcachedConnection  - Done dealing with queue.
12609 [Memcached IO over {MemcachedConnection to localhost/127.0.0.1:11211}] DEBUG net.spy.memcached.MemcachedConnection  - Selecting with delay of 1000ms
12609 [Memcached IO over {MemcachedConnection to localhost/127.0.0.1:11211}] DEBUG net.spy.memcached.MemcachedConnection  - Checked the selectors.
12609 [Test worker] DEBUG com.nicindustries.hibernate.memcached.keystrategy.Sha1KeyStrategy  - Final cache key: [c1cf7a5411c419ac3b30d5e22ab9fcdde21ff2f2]
12609 [Test worker] DEBUG com.nicindustries.hibernate.memcached.MemcachedCache  - Memcache.set(c1cf7a5411c419ac3b30d5e22ab9fcdde21ff2f2)
12609 [Test worker] DEBUG com.nicindustries.hibernate.memcached.spymemcached.SpyMemcache  - MemcachedClient.set(c1cf7a5411c419ac3b30d5e22ab9fcdde21ff2f2)
12609 [Test worker] DEBUG net.spy.memcached.MemcachedConnection  - Added Cmd: set Key: c1cf7a5411c419ac3b30d5e22ab9fcdde21ff2f2 Flags: 0 Exp: 300 Data Length: 5 to {QA sa=localhost/127.0.0.1:11211, #Rops=0, #Wops=0, #iq=1, topRop=null, topWop=null, toWrite=0, interested=0}
12609 [Memcached IO over {MemcachedConnection to localhost/127.0.0.1:11211}] DEBUG net.spy.memcached.MemcachedConnection  - No selectors ready, interrupted: false
12609 [Memcached IO over {MemcachedConnection to localhost/127.0.0.1:11211}] DEBUG net.spy.memcached.MemcachedConnection  - Handling queue
12609 [Memcached IO over {MemcachedConnection to localhost/127.0.0.1:11211}] DEBUG net.spy.memcached.protocol.ascii.AsciiMemcachedNodeImpl  - Setting interested opts to 4
12609 [Memcached IO over {MemcachedConnection to localhost/127.0.0.1:11211}] DEBUG net.spy.memcached.MemcachedConnection  - Done dealing with queue.
12609 [Memcached IO over {MemcachedConnection to localhost/127.0.0.1:11211}] DEBUG net.spy.memcached.MemcachedConnection  - Selecting with delay of 1000ms
12609 [Memcached IO over {MemcachedConnection to localhost/127.0.0.1:11211}] DEBUG net.spy.memcached.MemcachedConnection  - Checked the selectors.
12609 [Memcached IO over {MemcachedConnection to localhost/127.0.0.1:11211}] DEBUG net.spy.memcached.MemcachedConnection  - Selected 1, selected 1 keys
12609 [Memcached IO over {MemcachedConnection to localhost/127.0.0.1:11211}] DEBUG net.spy.memcached.MemcachedConnection  - Handling IO for:  channel=java.nio.channels.SocketChannel[connected local=/127.0.0.1:61841 remote=localhost/127.0.0.1:11211], selector=sun.nio.ch.KQueueSelectorImpl@56823dd7, interestOps=4, readyOps=4 (r=false, w=true, c=false, op={QA sa=localhost/127.0.0.1:11211, #Rops=0, #Wops=1, #iq=0, topRop=null, topWop=Cmd: set Key: c1cf7a5411c419ac3b30d5e22ab9fcdde21ff2f2 Flags: 0 Exp: 300 Data Length: 5, toWrite=0, interested=4})
12609 [Memcached IO over {MemcachedConnection to localhost/127.0.0.1:11211}] DEBUG net.spy.memcached.protocol.ascii.StoreOperationImpl  - Transitioned state from WRITE_QUEUED to WRITING
12609 [Memcached IO over {MemcachedConnection to localhost/127.0.0.1:11211}] DEBUG net.spy.memcached.protocol.ascii.AsciiMemcachedNodeImpl  - After copying stuff from Cmd: set Key: c1cf7a5411c419ac3b30d5e22ab9fcdde21ff2f2 Flags: 0 Exp: 300 Data Length: 5: java.nio.DirectByteBuffer[pos=61 lim=16384 cap=16384]
12609 [Memcached IO over {MemcachedConnection to localhost/127.0.0.1:11211}] DEBUG net.spy.memcached.protocol.ascii.StoreOperationImpl  - Transitioned state from WRITING to READING
12609 [Memcached IO over {MemcachedConnection to localhost/127.0.0.1:11211}] DEBUG net.spy.memcached.protocol.ascii.AsciiMemcachedNodeImpl  - Finished writing Cmd: set Key: c1cf7a5411c419ac3b30d5e22ab9fcdde21ff2f2 Flags: 0 Exp: 300 Data Length: 5
12609 [Memcached IO over {MemcachedConnection to localhost/127.0.0.1:11211}] DEBUG net.spy.memcached.protocol.ascii.AsciiMemcachedNodeImpl  - Wrote 61 bytes
12609 [Memcached IO over {MemcachedConnection to localhost/127.0.0.1:11211}] DEBUG net.spy.memcached.protocol.ascii.AsciiMemcachedNodeImpl  - Setting interested opts to 1
12609 [Memcached IO over {MemcachedConnection to localhost/127.0.0.1:11211}] DEBUG net.spy.memcached.MemcachedConnection  - Done dealing with queue.
12609 [Memcached IO over {MemcachedConnection to localhost/127.0.0.1:11211}] DEBUG net.spy.memcached.MemcachedConnection  - Selecting with delay of 1000ms
12609 [Memcached IO over {MemcachedConnection to localhost/127.0.0.1:11211}] DEBUG net.spy.memcached.MemcachedConnection  - Checked the selectors.
12611 [Memcached IO over {MemcachedConnection to localhost/127.0.0.1:11211}] DEBUG net.spy.memcached.MemcachedConnection  - Selected 1, selected 1 keys
12611 [Memcached IO over {MemcachedConnection to localhost/127.0.0.1:11211}] DEBUG net.spy.memcached.MemcachedConnection  - Handling IO for:  channel=java.nio.channels.SocketChannel[connected local=/127.0.0.1:61841 remote=localhost/127.0.0.1:11211], selector=sun.nio.ch.KQueueSelectorImpl@56823dd7, interestOps=1, readyOps=1 (r=true, w=false, c=false, op={QA sa=localhost/127.0.0.1:11211, #Rops=1, #Wops=0, #iq=0, topRop=Cmd: set Key: c1cf7a5411c419ac3b30d5e22ab9fcdde21ff2f2 Flags: 0 Exp: 300 Data Length: 5, topWop=null, toWrite=0, interested=1})
12611 [Memcached IO over {MemcachedConnection to localhost/127.0.0.1:11211}] DEBUG net.spy.memcached.MemcachedConnection  - Read 8 bytes
12611 [Memcached IO over {MemcachedConnection to localhost/127.0.0.1:11211}] DEBUG net.spy.memcached.protocol.ascii.StoreOperationImpl  - Transitioned state from READING to COMPLETE
12611 [Memcached IO over {MemcachedConnection to localhost/127.0.0.1:11211}] DEBUG net.spy.memcached.MemcachedConnection  - Completed read op: Cmd: set Key: c1cf7a5411c419ac3b30d5e22ab9fcdde21ff2f2 Flags: 0 Exp: 300 Data Length: 5 and giving the next 0 bytes
12611 [Memcached IO over {MemcachedConnection to localhost/127.0.0.1:11211}] DEBUG net.spy.memcached.protocol.ascii.AsciiMemcachedNodeImpl  - Setting interested opts to 0
12611 [Memcached IO over {MemcachedConnection to localhost/127.0.0.1:11211}] DEBUG net.spy.memcached.MemcachedConnection  - Done dealing with queue.
12611 [Memcached IO over {MemcachedConnection to localhost/127.0.0.1:11211}] DEBUG net.spy.memcached.MemcachedConnection  - Selecting with delay of 1000ms
12611 [Memcached IO over {MemcachedConnection to localhost/127.0.0.1:11211}] DEBUG net.spy.memcached.MemcachedConnection  - Checked the selectors.
12655 [Memcached IO over {MemcachedConnection to localhost/127.0.0.1:11211}] DEBUG net.spy.memcached.MemcachedConnection  - Done dealing with queue.
12655 [Memcached IO over {MemcachedConnection to localhost/127.0.0.1:11211}] DEBUG net.spy.memcached.MemcachedConnection  - Selecting with delay of 1000ms
12655 [Memcached IO over {MemcachedConnection to localhost/127.0.0.1:11211}] DEBUG net.spy.memcached.MemcachedConnection  - Checked the selectors.
12708 [Memcached IO over {MemcachedConnection to localhost/127.0.0.1:11211}] DEBUG net.spy.memcached.MemcachedConnection  - Done dealing with queue.
12708 [Memcached IO over {MemcachedConnection to localhost/127.0.0.1:11211}] DEBUG net.spy.memcached.MemcachedConnection  - Selecting with delay of 1000ms
12708 [Memcached IO over {MemcachedConnection to localhost/127.0.0.1:11211}] DEBUG net.spy.memcached.MemcachedConnection  - Checked the selectors.
12714 [Test worker] DEBUG com.nicindustries.hibernate.memcached.spymemcached.SpyMemcache  - MemcachedClient.get(MemcachedCacheTest:index_key)
12715 [Test worker] DEBUG net.spy.memcached.MemcachedConnection  - Added Cmd: get Keys: MemcachedCacheTest:index_keyExp: 0 to {QA sa=localhost/127.0.0.1:11211, #Rops=0, #Wops=0, #iq=1, topRop=null, topWop=null, toWrite=0, interested=0}
12715 [Memcached IO over {MemcachedConnection to localhost/127.0.0.1:11211}] DEBUG net.spy.memcached.MemcachedConnection  - No selectors ready, interrupted: false
12715 [Memcached IO over {MemcachedConnection to localhost/127.0.0.1:11211}] DEBUG net.spy.memcached.MemcachedConnection  - Handling queue
12715 [Memcached IO over {MemcachedConnection to localhost/127.0.0.1:11211}] DEBUG net.spy.memcached.protocol.ascii.AsciiMemcachedNodeImpl  - Setting interested opts to 4
12715 [Memcached IO over {MemcachedConnection to localhost/127.0.0.1:11211}] DEBUG net.spy.memcached.MemcachedConnection  - Done dealing with queue.
12715 [Memcached IO over {MemcachedConnection to localhost/127.0.0.1:11211}] DEBUG net.spy.memcached.MemcachedConnection  - Selecting with delay of 1000ms
12715 [Memcached IO over {MemcachedConnection to localhost/127.0.0.1:11211}] DEBUG net.spy.memcached.MemcachedConnection  - Checked the selectors.
12715 [Memcached IO over {MemcachedConnection to localhost/127.0.0.1:11211}] DEBUG net.spy.memcached.MemcachedConnection  - Selected 1, selected 1 keys
12715 [Memcached IO over {MemcachedConnection to localhost/127.0.0.1:11211}] DEBUG net.spy.memcached.MemcachedConnection  - Handling IO for:  channel=java.nio.channels.SocketChannel[connected local=/127.0.0.1:61841 remote=localhost/127.0.0.1:11211], selector=sun.nio.ch.KQueueSelectorImpl@56823dd7, interestOps=4, readyOps=4 (r=false, w=true, c=false, op={QA sa=localhost/127.0.0.1:11211, #Rops=0, #Wops=1, #iq=0, topRop=null, topWop=Cmd: get Keys: MemcachedCacheTest:index_keyExp: 0, toWrite=0, interested=4})
12715 [Memcached IO over {MemcachedConnection to localhost/127.0.0.1:11211}] DEBUG net.spy.memcached.protocol.ascii.GetOperationImpl  - Transitioned state from WRITE_QUEUED to WRITING
12716 [Memcached IO over {MemcachedConnection to localhost/127.0.0.1:11211}] DEBUG net.spy.memcached.protocol.ascii.AsciiMemcachedNodeImpl  - After copying stuff from Cmd: get Keys: MemcachedCacheTest:index_keyExp: 0: java.nio.DirectByteBuffer[pos=34 lim=16384 cap=16384]
12716 [Memcached IO over {MemcachedConnection to localhost/127.0.0.1:11211}] DEBUG net.spy.memcached.protocol.ascii.GetOperationImpl  - Transitioned state from WRITING to READING
12716 [Memcached IO over {MemcachedConnection to localhost/127.0.0.1:11211}] DEBUG net.spy.memcached.protocol.ascii.AsciiMemcachedNodeImpl  - Finished writing Cmd: get Keys: MemcachedCacheTest:index_keyExp: 0
12716 [Memcached IO over {MemcachedConnection to localhost/127.0.0.1:11211}] DEBUG net.spy.memcached.protocol.ascii.AsciiMemcachedNodeImpl  - Wrote 34 bytes
12716 [Memcached IO over {MemcachedConnection to localhost/127.0.0.1:11211}] DEBUG net.spy.memcached.protocol.ascii.AsciiMemcachedNodeImpl  - Setting interested opts to 1
12716 [Memcached IO over {MemcachedConnection to localhost/127.0.0.1:11211}] DEBUG net.spy.memcached.MemcachedConnection  - Done dealing with queue.
12716 [Memcached IO over {MemcachedConnection to localhost/127.0.0.1:11211}] DEBUG net.spy.memcached.MemcachedConnection  - Selecting with delay of 1000ms
12716 [Memcached IO over {MemcachedConnection to localhost/127.0.0.1:11211}] DEBUG net.spy.memcached.MemcachedConnection  - Checked the selectors.
12725 [Memcached IO over {MemcachedConnection to localhost/127.0.0.1:11211}] DEBUG net.spy.memcached.MemcachedConnection  - Selected 1, selected 1 keys
12726 [Memcached IO over {MemcachedConnection to localhost/127.0.0.1:11211}] DEBUG net.spy.memcached.MemcachedConnection  - Handling IO for:  channel=java.nio.channels.SocketChannel[connected local=/127.0.0.1:61841 remote=localhost/127.0.0.1:11211], selector=sun.nio.ch.KQueueSelectorImpl@56823dd7, interestOps=1, readyOps=1 (r=true, w=false, c=false, op={QA sa=localhost/127.0.0.1:11211, #Rops=1, #Wops=0, #iq=0, topRop=Cmd: get Keys: MemcachedCacheTest:index_keyExp: 0, topWop=null, toWrite=0, interested=1})
12726 [Memcached IO over {MemcachedConnection to localhost/127.0.0.1:11211}] DEBUG net.spy.memcached.MemcachedConnection  - Read 49 bytes
12726 [Memcached IO over {MemcachedConnection to localhost/127.0.0.1:11211}] DEBUG net.spy.memcached.protocol.ascii.GetOperationImpl  - Got line VALUE MemcachedCacheTest:index_key 0 2
12726 [Memcached IO over {MemcachedConnection to localhost/127.0.0.1:11211}] DEBUG net.spy.memcached.protocol.ascii.GetOperationImpl  - Set read type to data
12726 [Memcached IO over {MemcachedConnection to localhost/127.0.0.1:11211}] DEBUG net.spy.memcached.protocol.ascii.GetOperationImpl  - readOffset: 0, length: 2
12726 [Memcached IO over {MemcachedConnection to localhost/127.0.0.1:11211}] DEBUG net.spy.memcached.protocol.ascii.GetOperationImpl  - Reading 2 bytes
12726 [Memcached IO over {MemcachedConnection to localhost/127.0.0.1:11211}] DEBUG net.spy.memcached.protocol.ascii.GetOperationImpl  - Setting read type back to line.
12726 [Memcached IO over {MemcachedConnection to localhost/127.0.0.1:11211}] DEBUG net.spy.memcached.protocol.ascii.GetOperationImpl  - Get complete!
12726 [Memcached IO over {MemcachedConnection to localhost/127.0.0.1:11211}] DEBUG net.spy.memcached.protocol.ascii.GetOperationImpl  - Transitioned state from READING to COMPLETE
12726 [Memcached IO over {MemcachedConnection to localhost/127.0.0.1:11211}] DEBUG net.spy.memcached.MemcachedConnection  - Completed read op: Cmd: get Keys: MemcachedCacheTest:index_keyExp: 0 and giving the next 0 bytes
12726 [Memcached IO over {MemcachedConnection to localhost/127.0.0.1:11211}] DEBUG net.spy.memcached.protocol.ascii.AsciiMemcachedNodeImpl  - Setting interested opts to 0
12726 [Memcached IO over {MemcachedConnection to localhost/127.0.0.1:11211}] DEBUG net.spy.memcached.MemcachedConnection  - Done dealing with queue.
12726 [Memcached IO over {MemcachedConnection to localhost/127.0.0.1:11211}] DEBUG net.spy.memcached.MemcachedConnection  - Selecting with delay of 1000ms
12726 [Memcached IO over {MemcachedConnection to localhost/127.0.0.1:11211}] DEBUG net.spy.memcached.MemcachedConnection  - Checked the selectors.
12727 [Test worker] DEBUG com.nicindustries.hibernate.memcached.keystrategy.Sha1KeyStrategy  - Final cache key: [c1cf7a5411c419ac3b30d5e22ab9fcdde21ff2f2]
12727 [Test worker] DEBUG com.nicindustries.hibernate.memcached.MemcachedCache  - Memcache.get(c1cf7a5411c419ac3b30d5e22ab9fcdde21ff2f2)
12727 [Test worker] DEBUG com.nicindustries.hibernate.memcached.spymemcached.SpyMemcache  - MemcachedClient.get(c1cf7a5411c419ac3b30d5e22ab9fcdde21ff2f2)
12727 [Test worker] DEBUG net.spy.memcached.MemcachedConnection  - Added Cmd: get Keys: c1cf7a5411c419ac3b30d5e22ab9fcdde21ff2f2Exp: 0 to {QA sa=localhost/127.0.0.1:11211, #Rops=0, #Wops=0, #iq=1, topRop=null, topWop=null, toWrite=0, interested=0}
12728 [Memcached IO over {MemcachedConnection to localhost/127.0.0.1:11211}] DEBUG net.spy.memcached.MemcachedConnection  - No selectors ready, interrupted: false
12728 [Memcached IO over {MemcachedConnection to localhost/127.0.0.1:11211}] DEBUG net.spy.memcached.MemcachedConnection  - Handling queue
12728 [Memcached IO over {MemcachedConnection to localhost/127.0.0.1:11211}] DEBUG net.spy.memcached.protocol.ascii.AsciiMemcachedNodeImpl  - Setting interested opts to 4
12728 [Memcached IO over {MemcachedConnection to localhost/127.0.0.1:11211}] DEBUG net.spy.memcached.MemcachedConnection  - Done dealing with queue.
12728 [Memcached IO over {MemcachedConnection to localhost/127.0.0.1:11211}] DEBUG net.spy.memcached.MemcachedConnection  - Selecting with delay of 1000ms
12728 [Memcached IO over {MemcachedConnection to localhost/127.0.0.1:11211}] DEBUG net.spy.memcached.MemcachedConnection  - Checked the selectors.
12728 [Memcached IO over {MemcachedConnection to localhost/127.0.0.1:11211}] DEBUG net.spy.memcached.MemcachedConnection  - Selected 1, selected 1 keys
12728 [Memcached IO over {MemcachedConnection to localhost/127.0.0.1:11211}] DEBUG net.spy.memcached.MemcachedConnection  - Handling IO for:  channel=java.nio.channels.SocketChannel[connected local=/127.0.0.1:61841 remote=localhost/127.0.0.1:11211], selector=sun.nio.ch.KQueueSelectorImpl@56823dd7, interestOps=4, readyOps=4 (r=false, w=true, c=false, op={QA sa=localhost/127.0.0.1:11211, #Rops=0, #Wops=1, #iq=0, topRop=null, topWop=Cmd: get Keys: c1cf7a5411c419ac3b30d5e22ab9fcdde21ff2f2Exp: 0, toWrite=0, interested=4})
12728 [Memcached IO over {MemcachedConnection to localhost/127.0.0.1:11211}] DEBUG net.spy.memcached.protocol.ascii.GetOperationImpl  - Transitioned state from WRITE_QUEUED to WRITING
12728 [Memcached IO over {MemcachedConnection to localhost/127.0.0.1:11211}] DEBUG net.spy.memcached.protocol.ascii.AsciiMemcachedNodeImpl  - After copying stuff from Cmd: get Keys: c1cf7a5411c419ac3b30d5e22ab9fcdde21ff2f2Exp: 0: java.nio.DirectByteBuffer[pos=46 lim=16384 cap=16384]
12728 [Memcached IO over {MemcachedConnection to localhost/127.0.0.1:11211}] DEBUG net.spy.memcached.protocol.ascii.GetOperationImpl  - Transitioned state from WRITING to READING
12728 [Memcached IO over {MemcachedConnection to localhost/127.0.0.1:11211}] DEBUG net.spy.memcached.protocol.ascii.AsciiMemcachedNodeImpl  - Finished writing Cmd: get Keys: c1cf7a5411c419ac3b30d5e22ab9fcdde21ff2f2Exp: 0
12729 [Memcached IO over {MemcachedConnection to localhost/127.0.0.1:11211}] DEBUG net.spy.memcached.protocol.ascii.AsciiMemcachedNodeImpl  - Wrote 46 bytes
12729 [Memcached IO over {MemcachedConnection to localhost/127.0.0.1:11211}] DEBUG net.spy.memcached.protocol.ascii.AsciiMemcachedNodeImpl  - Setting interested opts to 1
12729 [Memcached IO over {MemcachedConnection to localhost/127.0.0.1:11211}] DEBUG net.spy.memcached.MemcachedConnection  - Done dealing with queue.
12729 [Memcached IO over {MemcachedConnection to localhost/127.0.0.1:11211}] DEBUG net.spy.memcached.MemcachedConnection  - Selecting with delay of 1000ms
12729 [Memcached IO over {MemcachedConnection to localhost/127.0.0.1:11211}] DEBUG net.spy.memcached.MemcachedConnection  - Checked the selectors.
12738 [Memcached IO over {MemcachedConnection to localhost/127.0.0.1:11211}] DEBUG net.spy.memcached.MemcachedConnection  - Selected 1, selected 1 keys
12738 [Memcached IO over {MemcachedConnection to localhost/127.0.0.1:11211}] DEBUG net.spy.memcached.MemcachedConnection  - Handling IO for:  channel=java.nio.channels.SocketChannel[connected local=/127.0.0.1:61841 remote=localhost/127.0.0.1:11211], selector=sun.nio.ch.KQueueSelectorImpl@56823dd7, interestOps=1, readyOps=1 (r=true, w=false, c=false, op={QA sa=localhost/127.0.0.1:11211, #Rops=1, #Wops=0, #iq=0, topRop=Cmd: get Keys: c1cf7a5411c419ac3b30d5e22ab9fcdde21ff2f2Exp: 0, topWop=null, toWrite=0, interested=1})
12738 [Memcached IO over {MemcachedConnection to localhost/127.0.0.1:11211}] DEBUG net.spy.memcached.MemcachedConnection  - Read 64 bytes
12738 [Memcached IO over {MemcachedConnection to localhost/127.0.0.1:11211}] DEBUG net.spy.memcached.protocol.ascii.GetOperationImpl  - Got line VALUE c1cf7a5411c419ac3b30d5e22ab9fcdde21ff2f2 0 5
12738 [Memcached IO over {MemcachedConnection to localhost/127.0.0.1:11211}] DEBUG net.spy.memcached.protocol.ascii.GetOperationImpl  - Set read type to data
12738 [Memcached IO over {MemcachedConnection to localhost/127.0.0.1:11211}] DEBUG net.spy.memcached.protocol.ascii.GetOperationImpl  - readOffset: 0, length: 5
12738 [Memcached IO over {MemcachedConnection to localhost/127.0.0.1:11211}] DEBUG net.spy.memcached.protocol.ascii.GetOperationImpl  - Reading 5 bytes
12738 [Memcached IO over {MemcachedConnection to localhost/127.0.0.1:11211}] DEBUG net.spy.memcached.protocol.ascii.GetOperationImpl  - Setting read type back to line.
12738 [Memcached IO over {MemcachedConnection to localhost/127.0.0.1:11211}] DEBUG net.spy.memcached.protocol.ascii.GetOperationImpl  - Get complete!
12738 [Memcached IO over {MemcachedConnection to localhost/127.0.0.1:11211}] DEBUG net.spy.memcached.protocol.ascii.GetOperationImpl  - Transitioned state from READING to COMPLETE
12738 [Memcached IO over {MemcachedConnection to localhost/127.0.0.1:11211}] DEBUG net.spy.memcached.MemcachedConnection  - Completed read op: Cmd: get Keys: c1cf7a5411c419ac3b30d5e22ab9fcdde21ff2f2Exp: 0 and giving the next 0 bytes
12738 [Memcached IO over {MemcachedConnection to localhost/127.0.0.1:11211}] DEBUG net.spy.memcached.protocol.ascii.AsciiMemcachedNodeImpl  - Setting interested opts to 0
12738 [Memcached IO over {MemcachedConnection to localhost/127.0.0.1:11211}] DEBUG net.spy.memcached.MemcachedConnection  - Done dealing with queue.
12738 [Memcached IO over {MemcachedConnection to localhost/127.0.0.1:11211}] DEBUG net.spy.memcached.MemcachedConnection  - Selecting with delay of 1000ms
[...]
13523 [Memcached IO over {MemcachedConnection to localhost/127.0.0.1:11211} - SHUTTING DOWN (telling client)] DEBUG net.spy.memcached.MemcachedConnection  - No IO while shut down.
13523 [Memcached IO over {MemcachedConnection to localhost/127.0.0.1:11211} - SHUTTING DOWN (telling client)] DEBUG net.spy.memcached.MemcachedConnection  - No IO while shut down.
13523 [Memcached IO over {MemcachedConnection to localhost/127.0.0.1:11211} - SHUTTING DOWN (telling client)] DEBUG net.spy.memcached.MemcachedConnection  - No IO while shut down.
13523 [Memcached IO over {MemcachedConnection to localhost/127.0.0.1:11211} - SHUTTING DOWN (telling client)] DEBUG net.spy.memcached.MemcachedConnection  - No IO while shut down.
13523 [Test worker] DEBUG net.spy.memcached.MemcachedConnection  - Shut down selector sun.nio.ch.KQueueSelectorImpl@597b5d88
13523 [Memcached IO over {MemcachedConnection to localhost/127.0.0.1:11211} - SHUTTING DOWN (telling client)] DEBUG net.spy.memcached.MemcachedConnection  - No IO while shut down.
13523 [Memcached IO over {MemcachedConnection to localhost/127.0.0.1:11211} - SHUTTING DOWN (informed client)] INFO net.spy.memcached.MemcachedConnection  - Shut down memcached client
13525 [Test worker] INFO net.spy.memcached.MemcachedConnection  - Setting retryQueueSize to -1
13526 [Test worker] INFO net.spy.memcached.MemcachedConnection  - Added {QA sa=localhost/127.0.0.1:11211, #Rops=0, #Wops=0, #iq=0, topRop=null, topWop=null, toWrite=0, interested=0} to connect queue
13526 [Test worker] DEBUG net.spy.memcached.DefaultConnectionFactory  - Metric collection disabled.
13527 [Memcached IO over {MemcachedConnection to localhost/127.0.0.1:11211}] DEBUG net.spy.memcached.MemcachedConnection  - Done dealing with queue.
13527 [Memcached IO over {MemcachedConnection to localhost/127.0.0.1:11211}] DEBUG net.spy.memcached.MemcachedConnection  - Selecting with delay of 1000ms
13527 [Memcached IO over {MemcachedConnection to localhost/127.0.0.1:11211}] DEBUG net.spy.memcached.MemcachedConnection  - Checked the selectors.
13527 [Memcached IO over {MemcachedConnection to localhost/127.0.0.1:11211}] DEBUG net.spy.memcached.MemcachedConnection  - Selected 1, selected 1 keys
13527 [Memcached IO over {MemcachedConnection to localhost/127.0.0.1:11211}] DEBUG net.spy.memcached.MemcachedConnection  - Handling IO for:  channel=java.nio.channels.SocketChannel[connection-pending remote=localhost/127.0.0.1:11211], selector=sun.nio.ch.KQueueSelectorImpl@1b6b66ef, interestOps=8, readyOps=8 (r=false, w=false, c=true, op={QA sa=localhost/127.0.0.1:11211, #Rops=0, #Wops=0, #iq=0, topRop=null, topWop=null, toWrite=0, interested=8})
13527 [Memcached IO over {MemcachedConnection to localhost/127.0.0.1:11211}] DEBUG net.spy.memcached.MemcachedConnection  - Connection state changed for channel=java.nio.channels.SocketChannel[connection-pending remote=localhost/127.0.0.1:11211], selector=sun.nio.ch.KQueueSelectorImpl@1b6b66ef, interestOps=8, readyOps=8
13528 [Memcached IO over {MemcachedConnection to localhost/127.0.0.1:11211}] DEBUG net.spy.memcached.protocol.ascii.AsciiMemcachedNodeImpl  - Setting interested opts to 0
13528 [Memcached IO over {MemcachedConnection to localhost/127.0.0.1:11211}] DEBUG net.spy.memcached.MemcachedConnection  - Handling queue
13528 [Memcached IO over {MemcachedConnection to localhost/127.0.0.1:11211}] DEBUG net.spy.memcached.protocol.ascii.AsciiMemcachedNodeImpl  - Setting interested opts to 0
13528 [Memcached IO over {MemcachedConnection to localhost/127.0.0.1:11211}] DEBUG net.spy.memcached.MemcachedConnection  - Done dealing with queue.
13528 [Memcached IO over {MemcachedConnection to localhost/127.0.0.1:11211}] DEBUG net.spy.memcached.MemcachedConnection  - Selecting with delay of 1000ms
13528 [Memcached IO over {MemcachedConnection to localhost/127.0.0.1:11211}] DEBUG net.spy.memcached.MemcachedConnection  - Checked the selectors.
13528 [Test worker] DEBUG com.nicindustries.hibernate.memcached.keystrategy.Sha1KeyStrategy  - Final cache key: [b1e96017e4f984f442694c1a586ffd1422ef7029]
13528 [Test worker] DEBUG com.nicindustries.hibernate.memcached.MemcachedCache  - Memcache.set(b1e96017e4f984f442694c1a586ffd1422ef7029)
13528 [Test worker] DEBUG com.nicindustries.hibernate.memcached.spymemcached.SpyMemcache  - MemcachedClient.set(b1e96017e4f984f442694c1a586ffd1422ef7029)
13528 [Test worker] DEBUG net.spy.memcached.MemcachedConnection  - Added Cmd: set Key: b1e96017e4f984f442694c1a586ffd1422ef7029 Flags: 0 Exp: 300 Data Length: 5 to {QA sa=localhost/127.0.0.1:11211, #Rops=0, #Wops=0, #iq=1, topRop=null, topWop=null, toWrite=0, interested=0}
13528 [Memcached IO over {MemcachedConnection to localhost/127.0.0.1:11211}] DEBUG net.spy.memcached.MemcachedConnection  - No selectors ready, interrupted: false
13528 [Memcached IO over {MemcachedConnection to localhost/127.0.0.1:11211}] DEBUG net.spy.memcached.MemcachedConnection  - Handling queue
13528 [Memcached IO over {MemcachedConnection to localhost/127.0.0.1:11211}] DEBUG net.spy.memcached.protocol.ascii.AsciiMemcachedNodeImpl  - Setting interested opts to 4
13528 [Memcached IO over {MemcachedConnection to localhost/127.0.0.1:11211}] DEBUG net.spy.memcached.MemcachedConnection  - Done dealing with queue.
13528 [Memcached IO over {MemcachedConnection to localhost/127.0.0.1:11211}] DEBUG net.spy.memcached.MemcachedConnection  - Selecting with delay of 1000ms
13528 [Memcached IO over {MemcachedConnection to localhost/127.0.0.1:11211}] DEBUG net.spy.memcached.MemcachedConnection  - Checked the selectors.
13528 [Memcached IO over {MemcachedConnection to localhost/127.0.0.1:11211}] DEBUG net.spy.memcached.MemcachedConnection  - Selected 1, selected 1 keys
13528 [Memcached IO over {MemcachedConnection to localhost/127.0.0.1:11211}] DEBUG net.spy.memcached.MemcachedConnection  - Handling IO for:  channel=java.nio.channels.SocketChannel[connected local=/127.0.0.1:61847 remote=localhost/127.0.0.1:11211], selector=sun.nio.ch.KQueueSelectorImpl@1b6b66ef, interestOps=4, readyOps=4 (r=false, w=true, c=false, op={QA sa=localhost/127.0.0.1:11211, #Rops=0, #Wops=1, #iq=0, topRop=null, topWop=Cmd: set Key: b1e96017e4f984f442694c1a586ffd1422ef7029 Flags: 0 Exp: 300 Data Length: 5, toWrite=0, interested=4})
13528 [Memcached IO over {MemcachedConnection to localhost/127.0.0.1:11211}] DEBUG net.spy.memcached.protocol.ascii.StoreOperationImpl  - Transitioned state from WRITE_QUEUED to WRITING
13528 [Memcached IO over {MemcachedConnection to localhost/127.0.0.1:11211}] DEBUG net.spy.memcached.protocol.ascii.AsciiMemcachedNodeImpl  - After copying stuff from Cmd: set Key: b1e96017e4f984f442694c1a586ffd1422ef7029 Flags: 0 Exp: 300 Data Length: 5: java.nio.DirectByteBuffer[pos=61 lim=16384 cap=16384]
13528 [Memcached IO over {MemcachedConnection to localhost/127.0.0.1:11211}] DEBUG net.spy.memcached.protocol.ascii.StoreOperationImpl  - Transitioned state from WRITING to READING
13529 [Memcached IO over {MemcachedConnection to localhost/127.0.0.1:11211}] DEBUG net.spy.memcached.protocol.ascii.AsciiMemcachedNodeImpl  - Finished writing Cmd: set Key: b1e96017e4f984f442694c1a586ffd1422ef7029 Flags: 0 Exp: 300 Data Length: 5
13529 [Memcached IO over {MemcachedConnection to localhost/127.0.0.1:11211}] DEBUG net.spy.memcached.protocol.ascii.AsciiMemcachedNodeImpl  - Wrote 61 bytes
13529 [Memcached IO over {MemcachedConnection to localhost/127.0.0.1:11211}] DEBUG net.spy.memcached.protocol.ascii.AsciiMemcachedNodeImpl  - Setting interested opts to 1
13529 [Memcached IO over {MemcachedConnection to localhost/127.0.0.1:11211}] DEBUG net.spy.memcached.MemcachedConnection  - Done dealing with queue.
13529 [Memcached IO over {MemcachedConnection to localhost/127.0.0.1:11211}] DEBUG net.spy.memcached.MemcachedConnection  - Selecting with delay of 1000ms
13529 [Memcached IO over {MemcachedConnection to localhost/127.0.0.1:11211}] DEBUG net.spy.memcached.MemcachedConnection  - Checked the selectors.
13535 [Memcached IO over {MemcachedConnection to localhost/127.0.0.1:11211}] DEBUG net.spy.memcached.MemcachedConnection  - Selected 1, selected 1 keys
13536 [Memcached IO over {MemcachedConnection to localhost/127.0.0.1:11211}] DEBUG net.spy.memcached.MemcachedConnection  - Handling IO for:  channel=java.nio.channels.SocketChannel[connected local=/127.0.0.1:61847 remote=localhost/127.0.0.1:11211], selector=sun.nio.ch.KQueueSelectorImpl@1b6b66ef, interestOps=1, readyOps=1 (r=true, w=false, c=false, op={QA sa=localhost/127.0.0.1:11211, #Rops=1, #Wops=0, #iq=0, topRop=Cmd: set Key: b1e96017e4f984f442694c1a586ffd1422ef7029 Flags: 0 Exp: 300 Data Length: 5, topWop=null, toWrite=0, interested=1})
13536 [Memcached IO over {MemcachedConnection to localhost/127.0.0.1:11211}] DEBUG net.spy.memcached.MemcachedConnection  - Read 8 bytes
13536 [Memcached IO over {MemcachedConnection to localhost/127.0.0.1:11211}] DEBUG net.spy.memcached.protocol.ascii.StoreOperationImpl  - Transitioned state from READING to COMPLETE
13536 [Memcached IO over {MemcachedConnection to localhost/127.0.0.1:11211}] DEBUG net.spy.memcached.MemcachedConnection  - Completed read op: Cmd: set Key: b1e96017e4f984f442694c1a586ffd1422ef7029 Flags: 0 Exp: 300 Data Length: 5 and giving the next 0 bytes
13536 [Memcached IO over {MemcachedConnection to localhost/127.0.0.1:11211}] DEBUG net.spy.memcached.protocol.ascii.AsciiMemcachedNodeImpl  - Setting interested opts to 0
13536 [Memcached IO over {MemcachedConnection to localhost/127.0.0.1:11211}] DEBUG net.spy.memcached.MemcachedConnection  - Done dealing with queue.
13536 [Memcached IO over {MemcachedConnection to localhost/127.0.0.1:11211}] DEBUG net.spy.memcached.MemcachedConnection  - Selecting with delay of 1000ms
13536 [Memcached IO over {MemcachedConnection to localhost/127.0.0.1:11211}] DEBUG net.spy.memcached.MemcachedConnection  - Checked the selectors.
13633 [Test worker] DEBUG com.nicindustries.hibernate.memcached.keystrategy.Sha1KeyStrategy  - Final cache key: [b1e96017e4f984f442694c1a586ffd1422ef7029]
13634 [Test worker] DEBUG com.nicindustries.hibernate.memcached.MemcachedCache  - Memcache.get(b1e96017e4f984f442694c1a586ffd1422ef7029)
13634 [Test worker] DEBUG com.nicindustries.hibernate.memcached.spymemcached.SpyMemcache  - MemcachedClient.get(b1e96017e4f984f442694c1a586ffd1422ef7029)
13634 [Test worker] DEBUG net.spy.memcached.MemcachedConnection  - Added Cmd: get Keys: b1e96017e4f984f442694c1a586ffd1422ef7029Exp: 0 to {QA sa=localhost/127.0.0.1:11211, #Rops=0, #Wops=0, #iq=1, topRop=null, topWop=null, toWrite=0, interested=0}
13635 [Memcached IO over {MemcachedConnection to localhost/127.0.0.1:11211}] DEBUG net.spy.memcached.MemcachedConnection  - No selectors ready, interrupted: false
13635 [Memcached IO over {MemcachedConnection to localhost/127.0.0.1:11211}] DEBUG net.spy.memcached.MemcachedConnection  - Handling queue
13635 [Memcached IO over {MemcachedConnection to localhost/127.0.0.1:11211}] DEBUG net.spy.memcached.protocol.ascii.AsciiMemcachedNodeImpl  - Setting interested opts to 4
13635 [Memcached IO over {MemcachedConnection to localhost/127.0.0.1:11211}] DEBUG net.spy.memcached.MemcachedConnection  - Done dealing with queue.
13635 [Memcached IO over {MemcachedConnection to localhost/127.0.0.1:11211}] DEBUG net.spy.memcached.MemcachedConnection  - Selecting with delay of 1000ms
13635 [Memcached IO over {MemcachedConnection to localhost/127.0.0.1:11211}] DEBUG net.spy.memcached.MemcachedConnection  - Checked the selectors.
13636 [Memcached IO over {MemcachedConnection to localhost/127.0.0.1:11211}] DEBUG net.spy.memcached.MemcachedConnection  - Selected 1, selected 1 keys
13636 [Memcached IO over {MemcachedConnection to localhost/127.0.0.1:11211}] DEBUG net.spy.memcached.MemcachedConnection  - Handling IO for:  channel=java.nio.channels.SocketChannel[connected local=/127.0.0.1:61847 remote=localhost/127.0.0.1:11211], selector=sun.nio.ch.KQueueSelectorImpl@1b6b66ef, interestOps=4, readyOps=4 (r=false, w=true, c=false, op={QA sa=localhost/127.0.0.1:11211, #Rops=0, #Wops=1, #iq=0, topRop=null, topWop=Cmd: get Keys: b1e96017e4f984f442694c1a586ffd1422ef7029Exp: 0, toWrite=0, interested=4})
13636 [Memcached IO over {MemcachedConnection to localhost/127.0.0.1:11211}] DEBUG net.spy.memcached.protocol.ascii.GetOperationImpl  - Transitioned state from WRITE_QUEUED to WRITING
13636 [Memcached IO over {MemcachedConnection to localhost/127.0.0.1:11211}] DEBUG net.spy.memcached.protocol.ascii.AsciiMemcachedNodeImpl  - After copying stuff from Cmd: get Keys: b1e96017e4f984f442694c1a586ffd1422ef7029Exp: 0: java.nio.DirectByteBuffer[pos=46 lim=16384 cap=16384]
13636 [Memcached IO over {MemcachedConnection to localhost/127.0.0.1:11211}] DEBUG net.spy.memcached.protocol.ascii.GetOperationImpl  - Transitioned state from WRITING to READING
13636 [Memcached IO over {MemcachedConnection to localhost/127.0.0.1:11211}] DEBUG net.spy.memcached.protocol.ascii.AsciiMemcachedNodeImpl  - Finished writing Cmd: get Keys: b1e96017e4f984f442694c1a586ffd1422ef7029Exp: 0
13636 [Memcached IO over {MemcachedConnection to localhost/127.0.0.1:11211}] DEBUG net.spy.memcached.protocol.ascii.AsciiMemcachedNodeImpl  - Wrote 46 bytes
13636 [Memcached IO over {MemcachedConnection to localhost/127.0.0.1:11211}] DEBUG net.spy.memcached.protocol.ascii.AsciiMemcachedNodeImpl  - Setting interested opts to 1
13636 [Memcached IO over {MemcachedConnection to localhost/127.0.0.1:11211}] DEBUG net.spy.memcached.MemcachedConnection  - Done dealing with queue.
13636 [Memcached IO over {MemcachedConnection to localhost/127.0.0.1:11211}] DEBUG net.spy.memcached.MemcachedConnection  - Selecting with delay of 1000ms
13636 [Memcached IO over {MemcachedConnection to localhost/127.0.0.1:11211}] DEBUG net.spy.memcached.MemcachedConnection  - Checked the selectors.
13648 [Memcached IO over {MemcachedConnection to localhost/127.0.0.1:11211}] DEBUG net.spy.memcached.MemcachedConnection  - Selected 1, selected 1 keys
13648 [Memcached IO over {MemcachedConnection to localhost/127.0.0.1:11211}] DEBUG net.spy.memcached.MemcachedConnection  - Handling IO for:  channel=java.nio.channels.SocketChannel[connected local=/127.0.0.1:61847 remote=localhost/127.0.0.1:11211], selector=sun.nio.ch.KQueueSelectorImpl@1b6b66ef, interestOps=1, readyOps=1 (r=true, w=false, c=false, op={QA sa=localhost/127.0.0.1:11211, #Rops=1, #Wops=0, #iq=0, topRop=Cmd: get Keys: b1e96017e4f984f442694c1a586ffd1422ef7029Exp: 0, topWop=null, toWrite=0, interested=1})
13648 [Memcached IO over {MemcachedConnection to localhost/127.0.0.1:11211}] DEBUG net.spy.memcached.MemcachedConnection  - Read 64 bytes
13648 [Memcached IO over {MemcachedConnection to localhost/127.0.0.1:11211}] DEBUG net.spy.memcached.protocol.ascii.GetOperationImpl  - Got line VALUE b1e96017e4f984f442694c1a586ffd1422ef7029 0 5
13649 [Memcached IO over {MemcachedConnection to localhost/127.0.0.1:11211}] DEBUG net.spy.memcached.protocol.ascii.GetOperationImpl  - Set read type to data
13649 [Memcached IO over {MemcachedConnection to localhost/127.0.0.1:11211}] DEBUG net.spy.memcached.protocol.ascii.GetOperationImpl  - readOffset: 0, length: 5
13649 [Memcached IO over {MemcachedConnection to localhost/127.0.0.1:11211}] DEBUG net.spy.memcached.protocol.ascii.GetOperationImpl  - Reading 5 bytes
13649 [Memcached IO over {MemcachedConnection to localhost/127.0.0.1:11211}] DEBUG net.spy.memcached.protocol.ascii.GetOperationImpl  - Setting read type back to line.
13649 [Memcached IO over {MemcachedConnection to localhost/127.0.0.1:11211}] DEBUG net.spy.memcached.protocol.ascii.GetOperationImpl  - Get complete!
13649 [Memcached IO over {MemcachedConnection to localhost/127.0.0.1:11211}] DEBUG net.spy.memcached.protocol.ascii.GetOperationImpl  - Transitioned state from READING to COMPLETE
13649 [Memcached IO over {MemcachedConnection to localhost/127.0.0.1:11211}] DEBUG net.spy.memcached.MemcachedConnection  - Completed read op: Cmd: get Keys: b1e96017e4f984f442694c1a586ffd1422ef7029Exp: 0 and giving the next 0 bytes
13649 [Memcached IO over {MemcachedConnection to localhost/127.0.0.1:11211}] DEBUG net.spy.memcached.protocol.ascii.AsciiMemcachedNodeImpl  - Setting interested opts to 0
13649 [Memcached IO over {MemcachedConnection to localhost/127.0.0.1:11211}] DEBUG net.spy.memcached.MemcachedConnection  - Done dealing with queue.
13649 [Memcached IO over {MemcachedConnection to localhost/127.0.0.1:11211} - SHUTTING DOWN] DEBUG net.spy.memcached.MemcachedConnection  - Selecting with delay of 1000ms
13649 [Memcached IO over {MemcachedConnection to localhost/127.0.0.1:11211} - SHUTTING DOWN (telling client)] DEBUG net.spy.memcached.MemcachedConnection  - Checked the selectors.
13649 [Memcached IO over {MemcachedConnection to localhost/127.0.0.1:11211} - SHUTTING DOWN (telling client)] DEBUG net.spy.memcached.MemcachedConnection  - No IO while shut down.
13649 [Memcached IO over {MemcachedConnection to localhost/127.0.0.1:11211} - SHUTTING DOWN (telling client)] DEBUG net.spy.memcached.MemcachedConnection  - No IO while shut down.
13649 [Memcached IO over {MemcachedConnection to localhost/127.0.0.1:11211} - SHUTTING DOWN (telling client)] DEBUG net.spy.memcached.MemcachedConnection  - No IO while shut down.
13649 [Memcached IO over {MemcachedConnection to localhost/127.0.0.1:11211} - SHUTTING DOWN (telling client)] DEBUG net.spy.memcached.MemcachedConnection  - No IO while shut down.
13649 [Test worker] DEBUG net.spy.memcached.MemcachedConnection  - Shut down channel java.nio.channels.SocketChannel[closed]
13649 [Memcached IO over {MemcachedConnection to localhost/127.0.0.1:11211} - SHUTTING DOWN (telling client)] DEBUG net.spy.memcached.MemcachedConnection  - No IO while shut down.
13649 [Memcached IO over {MemcachedConnection to localhost/127.0.0.1:11211} - SHUTTING DOWN (telling client)] DEBUG net.spy.memcached.MemcachedConnection  - No IO while shut down.
13649 [Memcached IO over {MemcachedConnection to localhost/127.0.0.1:11211} - SHUTTING DOWN (telling client)] DEBUG net.spy.memcached.MemcachedConnection  - No IO while shut down.
13649 [Memcached IO over {MemcachedConnection to localhost/127.0.0.1:11211} - SHUTTING DOWN (telling client)] DEBUG net.spy.memcached.MemcachedConnection  - No IO while shut down.
13649 [Memcached IO over {MemcachedConnection to localhost/127.0.0.1:11211} - SHUTTING DOWN (telling client)] DEBUG net.spy.memcached.MemcachedConnection  - No IO while shut down.
13649 [Memcached IO over {MemcachedConnection to localhost/127.0.0.1:11211} - SHUTTING DOWN (telling client)] DEBUG net.spy.memcached.MemcachedConnection  - No IO while shut down.
13649 [Memcached IO over {MemcachedConnection to localhost/127.0.0.1:11211} - SHUTTING DOWN (telling client)] DEBUG net.spy.memcached.MemcachedConnection  - No IO while shut down.
13649 [Memcached IO over {MemcachedConnection to localhost/127.0.0.1:11211} - SHUTTING DOWN (telling client)] DEBUG net.spy.memcached.MemcachedConnection  - No IO while shut down.
13649 [Memcached IO over {MemcachedConnection to localhost/127.0.0.1:11211} - SHUTTING DOWN (telling client)] DEBUG net.spy.memcached.MemcachedConnection  - No IO while shut down.
13649 [Memcached IO over {MemcachedConnection to localhost/127.0.0.1:11211} - SHUTTING DOWN (telling client)] DEBUG net.spy.memcached.MemcachedConnection  - No IO while shut down.
13649 [Test worker] DEBUG net.spy.memcached.MemcachedConnection  - Shut down selector sun.nio.ch.KQueueSelectorImpl@1b6b66ef
13649 [Memcached IO over {MemcachedConnection to localhost/127.0.0.1:11211} - SHUTTING DOWN (informed client)] DEBUG net.spy.memcached.MemcachedConnection  - No IO while shut down.
13649 [Memcached IO over {MemcachedConnection to localhost/127.0.0.1:11211} - SHUTTING DOWN (informed client)] INFO net.spy.memcached.MemcachedConnection  - Shut down memcached client
]]></system-out>
  <system-err><![CDATA[]]></system-err>
</testsuite>
